Log file open, 12/26/19 12:09:57
LogWindows: Failed to load 'aqProf.dll' (GetLastError=126)
LogWindows: File 'aqProf.dll' does not exist
LogWindows: Failed to load 'VtuneApi.dll' (GetLastError=126)
LogWindows: File 'VtuneApi.dll' does not exist
LogWindows: Failed to load 'VtuneApi32e.dll' (GetLastError=126)
LogWindows: File 'VtuneApi32e.dll' does not exist
LogConsoleResponse: Display: Failed to find resolution value strings in scalability ini. Falling back to default.
LogInit: Display: Running engine for game: Project_Soldier
LogPlatformFile: Not using cached read wrapper
LogTaskGraph: Started task graph with 5 named threads and 35 total threads with 3 sets of task threads.
LogStats: Stats thread started at 0.050431
LogD3D11RHI: Loaded GFSDK_Aftermath_Lib.x64.dll
LogICUInternationalization: ICU TimeZone Detection - Raw Offset: +9:00, Platform Override: ''
LogPluginManager: Mounting plugin Paper2D
LogPluginManager: Mounting plugin AISupport
LogPluginManager: Mounting plugin LightPropagationVolume
LogPluginManager: Mounting plugin ActorLayerUtilities
LogPluginManager: Mounting plugin AnimationSharing
LogPluginManager: Mounting plugin CLionSourceCodeAccess
LogPluginManager: Mounting plugin CodeLiteSourceCodeAccess
LogPluginManager: Mounting plugin GitSourceControl
LogPluginManager: Mounting plugin KDevelopSourceCodeAccess
LogPluginManager: Mounting plugin NullSourceCodeAccess
LogPluginManager: Mounting plugin PerforceSourceControl
LogPluginManager: Mounting plugin PlasticSourceControl
LogPluginManager: Mounting plugin SubversionSourceControl
LogPluginManager: Mounting plugin UObjectPlugin
LogPluginManager: Mounting plugin VisualStudioCodeSourceCodeAccess
LogPluginManager: Mounting plugin VisualStudioSourceCodeAccess
LogPluginManager: Mounting plugin XCodeSourceCodeAccess
LogPluginManager: Mounting plugin AssetManagerEditor
LogPluginManager: Mounting plugin CryptoKeys
LogPluginManager: Mounting plugin CurveEditorTools
LogPluginManager: Mounting plugin DataValidation
LogPluginManager: Mounting plugin FacialAnimation
LogPluginManager: Mounting plugin GameplayTagsEditor
LogPluginManager: Mounting plugin MacGraphicsSwitching
LogPluginManager: Mounting plugin MaterialAnalyzer
LogPluginManager: Mounting plugin MobileLauncherProfileWizard
LogPluginManager: Mounting plugin PluginBrowser
LogPluginManager: Mounting plugin SpeedTreeImporter
LogPluginManager: Mounting plugin DatasmithContent
LogPluginManager: Mounting plugin VariantManagerContent
LogPluginManager: Mounting plugin AlembicImporter
LogPluginManager: Mounting plugin AutomationUtils
LogPluginManager: Mounting plugin BackChannel
LogPluginManager: Mounting plugin CharacterAI
LogPluginManager: Mounting plugin GeometryCache
LogPluginManager: Mounting plugin PlatformCrypto
LogPluginManager: Mounting plugin ProxyLODPlugin
LogPluginManager: Mounting plugin SkeletalReduction
LogPluginManager: Mounting plugin MagicLeap
LogPluginManager: Mounting plugin MagicLeapMedia
LogPluginManager: Mounting plugin MLSDK
LogPluginManager: Mounting plugin AndroidMedia
LogPluginManager: Mounting plugin AvfMedia
LogPluginManager: Mounting plugin ImgMedia
LogPluginManager: Mounting plugin MediaCompositing
LogPluginManager: Mounting plugin MediaPlayerEditor
LogPluginManager: Mounting plugin WebMMedia
LogPluginManager: Mounting plugin WmfMedia
LogPluginManager: Mounting plugin TcpMessaging
LogPluginManager: Mounting plugin UdpMessaging
LogPluginManager: Mounting plugin ActorSequence
LogPluginManager: Mounting plugin LevelSequenceEditor
LogPluginManager: Mounting plugin MatineeToLevelSequence
LogPluginManager: Mounting plugin NetcodeUnitTest
LogPluginManager: Mounting plugin NUTUnrealEngine4
LogPluginManager: Mounting plugin OnlineSubsystemGooglePlay
LogPluginManager: Mounting plugin OnlineSubsystemIOS
LogPluginManager: Mounting plugin OnlineSubsystem
LogPluginManager: Mounting plugin OnlineSubsystemNull
LogPluginManager: Mounting plugin OnlineSubsystemUtils
LogPluginManager: Mounting plugin LauncherChunkInstaller
LogPluginManager: Mounting plugin AndroidDeviceProfileSelector
LogPluginManager: Mounting plugin AndroidMoviePlayer
LogPluginManager: Mounting plugin AndroidPermission
LogPluginManager: Mounting plugin AppleImageUtils
LogPluginManager: Mounting plugin AppleMoviePlayer
LogPluginManager: Mounting plugin ArchVisCharacter
LogPluginManager: Mounting plugin AssetTags
LogPluginManager: Mounting plugin AudioCapture
LogPluginManager: Mounting plugin CableComponent
LogPluginManager: Mounting plugin CustomMeshComponent
LogPluginManager: Mounting plugin EditableMesh
LogPluginManager: Mounting plugin ExampleDeviceProfileSelector
LogPluginManager: Mounting plugin GoogleCloudMessaging
LogPluginManager: Mounting plugin IOSDeviceProfileSelector
LogPluginManager: Mounting plugin LinuxDeviceProfileSelector
LogPluginManager: Mounting plugin LocationServicesBPLibrary
LogPluginManager: Mounting plugin MobilePatchingUtils
LogPluginManager: Mounting plugin OculusVR
LogPluginManager: Mounting plugin PhysXVehicles
LogPluginManager: Mounting plugin PostSplashScreen
LogPluginManager: Mounting plugin ProceduralMeshComponent
LogPluginManager: Mounting plugin RuntimePhysXCooking
LogPluginManager: Mounting plugin SignificanceManager
LogPluginManager: Mounting plugin SteamVR
LogPluginManager: Mounting plugin WebMMoviePlayer
LogPluginManager: Mounting plugin WindowsMoviePlayer
LogPluginManager: Mounting plugin ScreenshotTools
LogInit: Using libcurl 7.55.1-DEV
LogInit:  - built for x86_64-pc-win32
LogInit:  - supports SSL with OpenSSL/1.1.1
LogInit:  - supports HTTP deflate (compression) using libz 1.2.8
LogInit:  - other features:
LogInit:      CURL_VERSION_SSL
LogInit:      CURL_VERSION_LIBZ
LogInit:      CURL_VERSION_IPV6
LogInit:      CURL_VERSION_ASYNCHDNS
LogInit:      CURL_VERSION_LARGEFILE
LogInit:      CURL_VERSION_IDN
LogInit:  CurlRequestOptions (configurable via config and command line):
LogInit:  - bVerifyPeer = true  - Libcurl will verify peer certificate
LogInit:  - bUseHttpProxy = false  - Libcurl will NOT use HTTP proxy
LogInit:  - bDontReuseConnections = false  - Libcurl will reuse connections
LogInit:  - MaxHostConnections = 16  - Libcurl will limit the number of connections to a host
LogInit:  - LocalHostAddr = Default
LogInit:  - BufferSize = 65536
LogOnline: OSS: Creating online subsystem instance for: NULL
LogInit: WinSock: version 1.1 (2.2), MaxSocks=32767, MaxUdp=65467
LogOnline: OSS: TryLoadSubsystemAndSetDefault: Loaded subsystem for module [NULL]
LogInit: Build: ++UE4+Release-4.24-CL-10757647
LogInit: Engine Version: 4.24.1-10757647+++UE4+Release-4.24
LogInit: Compatible Engine Version: 4.24.0-10570792+++UE4+Release-4.24
LogInit: Net CL: 10570792
LogInit: OS: Windows 10 (Release 1909) (), CPU: Intel(R) Core(TM) i7-8700 CPU @ 3.20GHz, GPU: NVIDIA GeForce GTX 1080
LogInit: Compiled (64-bit): Dec 17 2019 02:08:03
LogInit: Compiled with Visual C++: 19.16.27032.01
LogInit: Build Configuration: Development
LogInit: Branch Name: ++UE4+Release-4.24
LogInit: Command Line:  -EpicPortal -epicusername=TJHS_IT2020 -epicuserid=c5e3dc06d228492e82eb2db33db52f75 -epiclocale=ja-JP
LogInit: Base Directory: W:/Epic games/UE_4.24/Engine/Binaries/Win64/
LogInit: Installed Engine Build: 1
LogDevObjectVersion: Number of dev versions registered: 25
LogDevObjectVersion:   Dev-Blueprints (B0D832E4-1F89-4F0D-ACCF-7EB736FD4AA2): 10
LogDevObjectVersion:   Dev-Build (E1C64328-A22C-4D53-A36C-8E866417BD8C): 0
LogDevObjectVersion:   Dev-Core (375EC13C-06E4-48FB-B500-84F0262A717E): 3
LogDevObjectVersion:   Dev-Editor (E4B068ED-F494-42E9-A231-DA0B2E46BB41): 37
LogDevObjectVersion:   Dev-Framework (CFFC743F-43B0-4480-9391-14DF171D2073): 36
LogDevObjectVersion:   Dev-Mobile (B02B49B5-BB20-44E9-A304-32B752E40360): 2
LogDevObjectVersion:   Dev-Networking (A4E4105C-59A1-49B5-A7C5-40C4547EDFEE): 0
LogDevObjectVersion:   Dev-Online (39C831C9-5AE6-47DC-9A44-9C173E1C8E7C): 0
LogDevObjectVersion:   Dev-Physics (78F01B33-EBEA-4F98-B9B4-84EACCB95AA2): 2
LogDevObjectVersion:   Dev-Platform (6631380F-2D4D-43E0-8009-CF276956A95A): 0
LogDevObjectVersion:   Dev-Rendering (12F88B9F-8875-4AFC-A67C-D90C383ABD29): 36
LogDevObjectVersion:   Dev-Sequencer (7B5AE74C-D270-4C10-A958-57980B212A5A): 11
LogDevObjectVersion:   Dev-VR (D7296918-1DD6-4BDD-9DE2-64A83CC13884): 2
LogDevObjectVersion:   Dev-LoadTimes (C2A15278-BFE7-4AFE-6C17-90FF531DF755): 1
LogDevObjectVersion:   Private-Geometry (6EACA3D4-40EC-4CC1-B786-8BED09428FC5): 3
LogDevObjectVersion:   Dev-AnimPhys (29E575DD-E0A3-4627-9D10-D276232CDCEA): 17
LogDevObjectVersion:   Dev-Anim (AF43A65D-7FD3-4947-9873-3E8ED9C1BB05): 2
LogDevObjectVersion:   Dev-ReflectionCapture (6B266CEC-1EC7-4B8F-A30B-E4D90942FC07): 1
LogDevObjectVersion:   Dev-Automation (0DF73D61-A23F-47EA-B727-89E90C41499A): 1
LogDevObjectVersion:   FortniteMain (601D1886-AC64-4F84-AA16-D3DE0DEAC7D6): 31
LogDevObjectVersion:   Dev-Enterprise (9DFFBCD6-494F-0158-E221-12823C92A888): 8
LogDevObjectVersion:   Dev-Niagara (F2AED0AC-9AFE-416F-8664-AA7FFA26D6FC): 1
LogDevObjectVersion:   Dev-Destruction (174F1F0B-B4C6-45A5-B13F-2EE8D0FB917D): 9
LogDevObjectVersion:   Dev-Physics-Ext (35F94A83-E258-406C-A318-09F59610247C): 8
LogDevObjectVersion:   Dev-CineCamera (B2E18506-4273-CFC2-A54E-F4BB758BBA07): 1
LogInit: Presizing for max 25165824 objects, including 0 objects not considered by GC, pre-allocating 0 bytes for permanent pool.
LogInit: Object subsystem initialized
LogConfig: Setting CVar [[con.DebugEarlyDefault:1]]
LogConfig: Setting CVar [[r.setres:1280x720]]
[2019.12.26-03.09.57:668][  0]LogConfig: Setting CVar [[r.VSync:0]]
[2019.12.26-03.09.57:668][  0]LogConfig: Setting CVar [[r.RHICmdBypass:0]]
[2019.12.26-03.09.57:668][  0]LogConfig: Applying CVar settings from Section [/Script/Engine.RendererSettings] File [W:/Unreal_engine_project/GitHub/Project_Soldier/Saved/Config/Windows/Engine.ini]
[2019.12.26-03.09.57:668][  0]LogConfig: Setting CVar [[r.GPUCrashDebugging:0]]
[2019.12.26-03.09.57:668][  0]LogConfig: Setting CVar [[r.SkinCache.CompileShaders:1]]
[2019.12.26-03.09.57:668][  0]LogConfig: Setting CVar [[r.RayTracing:1]]
[2019.12.26-03.09.57:668][  0]LogConfig: Applying CVar settings from Section [/Script/Engine.RendererOverrideSettings] File [W:/Unreal_engine_project/GitHub/Project_Soldier/Saved/Config/Windows/Engine.ini]
[2019.12.26-03.09.57:668][  0]LogConfig: Applying CVar settings from Section [/Script/Engine.StreamingSettings] File [W:/Unreal_engine_project/GitHub/Project_Soldier/Saved/Config/Windows/Engine.ini]
[2019.12.26-03.09.57:668][  0]LogConfig: Setting CVar [[s.MinBulkDataSizeForAsyncLoading:131072]]
[2019.12.26-03.09.57:668][  0]LogConfig: Setting CVar [[s.AsyncLoadingThreadEnabled:0]]
[2019.12.26-03.09.57:668][  0]LogConfig: Setting CVar [[s.EventDrivenLoaderEnabled:1]]
[2019.12.26-03.09.57:668][  0]LogConfig: Setting CVar [[s.WarnIfTimeLimitExceeded:0]]
[2019.12.26-03.09.57:668][  0]LogConfig: Setting CVar [[s.TimeLimitExceededMultiplier:1.5]]
[2019.12.26-03.09.57:668][  0]LogConfig: Setting CVar [[s.TimeLimitExceededMinTime:0.005]]
[2019.12.26-03.09.57:668][  0]LogConfig: Setting CVar [[s.UseBackgroundLevelStreaming:1]]
[2019.12.26-03.09.57:668][  0]LogConfig: Setting CVar [[s.PriorityAsyncLoadingExtraTime:15.0]]
[2019.12.26-03.09.57:668][  0]LogConfig: Setting CVar [[s.LevelStreamingActorsUpdateTimeLimit:5.0]]
[2019.12.26-03.09.57:668][  0]LogConfig: Setting CVar [[s.PriorityLevelStreamingActorsUpdateExtraTime:5.0]]
[2019.12.26-03.09.57:668][  0]LogConfig: Setting CVar [[s.LevelStreamingComponentsRegistrationGranularity:10]]
[2019.12.26-03.09.57:668][  0]LogConfig: Setting CVar [[s.UnregisterComponentsTimeLimit:1.0]]
[2019.12.26-03.09.57:668][  0]LogConfig: Setting CVar [[s.LevelStreamingComponentsUnregistrationGranularity:5]]
[2019.12.26-03.09.57:668][  0]LogConfig: Setting CVar [[s.FlushStreamingOnExit:1]]
[2019.12.26-03.09.57:668][  0]LogConfig: Applying CVar settings from Section [/Script/Engine.GarbageCollectionSettings] File [W:/Unreal_engine_project/GitHub/Project_Soldier/Saved/Config/Windows/Engine.ini]
[2019.12.26-03.09.57:668][  0]LogConfig: Setting CVar [[gc.MaxObjectsNotConsideredByGC:1]]
[2019.12.26-03.09.57:668][  0]LogConfig: Setting CVar [[gc.SizeOfPermanentObjectPool:0]]
[2019.12.26-03.09.57:668][  0]LogConfig: Setting CVar [[gc.FlushStreamingOnGC:0]]
[2019.12.26-03.09.57:668][  0]LogConfig: Setting CVar [[gc.NumRetriesBeforeForcingGC:10]]
[2019.12.26-03.09.57:668][  0]LogConfig: Setting CVar [[gc.AllowParallelGC:1]]
[2019.12.26-03.09.57:668][  0]LogConfig: Setting CVar [[gc.TimeBetweenPurgingPendingKillObjects:61.1]]
[2019.12.26-03.09.57:668][  0]LogConfig: Setting CVar [[gc.MaxObjectsInEditor:25165824]]
[2019.12.26-03.09.57:668][  0]LogConfig: Setting CVar [[gc.IncrementalBeginDestroyEnabled:1]]
[2019.12.26-03.09.57:668][  0]LogConfig: Setting CVar [[gc.CreateGCClusters:1]]
[2019.12.26-03.09.57:669][  0]LogConfig: Setting CVar [[gc.MinGCClusterSize:5]]
[2019.12.26-03.09.57:669][  0]LogConfig: Setting CVar [[gc.ActorClusteringEnabled:0]]
[2019.12.26-03.09.57:669][  0]LogConfig: Setting CVar [[gc.BlueprintClusteringEnabled:0]]
[2019.12.26-03.09.57:669][  0]LogConfig: Setting CVar [[gc.UseDisregardForGCOnDedicatedServers:0]]
[2019.12.26-03.09.57:669][  0]LogConfig: Applying CVar settings from Section [/Script/Engine.NetworkSettings] File [W:/Unreal_engine_project/GitHub/Project_Soldier/Saved/Config/Windows/Engine.ini]
[2019.12.26-03.09.57:669][  0]LogConfig: Applying CVar settings from Section [/Script/UnrealEd.CookerSettings] File [W:/Unreal_engine_project/GitHub/Project_Soldier/Saved/Config/Windows/Engine.ini]
[2019.12.26-03.09.57:673][  0]LogConfig: Applying CVar settings from Section [ViewDistanceQuality@3] File [W:/Unreal_engine_project/GitHub/Project_Soldier/Saved/Config/Windows/Scalability.ini]
[2019.12.26-03.09.57:673][  0]LogConfig: Setting CVar [[r.SkeletalMeshLODBias:0]]
[2019.12.26-03.09.57:673][  0]LogConfig: Setting CVar [[r.ViewDistanceScale:1.0]]
[2019.12.26-03.09.57:673][  0]LogConfig: Applying CVar settings from Section [AntiAliasingQuality@3] File [W:/Unreal_engine_project/GitHub/Project_Soldier/Saved/Config/Windows/Scalability.ini]
[2019.12.26-03.09.57:673][  0]LogConfig: Setting CVar [[r.PostProcessAAQuality:4]]
[2019.12.26-03.09.57:673][  0]LogConfig: Applying CVar settings from Section [ShadowQuality@3] File [W:/Unreal_engine_project/GitHub/Project_Soldier/Saved/Config/Windows/Scalability.ini]
[2019.12.26-03.09.57:673][  0]LogConfig: Setting CVar [[r.LightFunctionQuality:1]]
[2019.12.26-03.09.57:673][  0]LogConfig: Setting CVar [[r.ShadowQuality:5]]
[2019.12.26-03.09.57:673][  0]LogConfig: Setting CVar [[r.Shadow.CSM.MaxCascades:10]]
[2019.12.26-03.09.57:673][  0]LogConfig: Setting CVar [[r.Shadow.MaxResolution:2048]]
[2019.12.26-03.09.57:673][  0]LogConfig: Setting CVar [[r.Shadow.MaxCSMResolution:2048]]
[2019.12.26-03.09.57:673][  0]LogConfig: Setting CVar [[r.Shadow.RadiusThreshold:0.01]]
[2019.12.26-03.09.57:673][  0]LogConfig: Setting CVar [[r.Shadow.DistanceScale:1.0]]
[2019.12.26-03.09.57:673][  0]LogConfig: Setting CVar [[r.Shadow.CSM.TransitionScale:1.0]]
[2019.12.26-03.09.57:673][  0]LogConfig: Setting CVar [[r.Shadow.PreShadowResolutionFactor:1.0]]
[2019.12.26-03.09.57:673][  0]LogConfig: Setting CVar [[r.DistanceFieldShadowing:1]]
[2019.12.26-03.09.57:673][  0]LogConfig: Setting CVar [[r.DistanceFieldAO:1]]
[2019.12.26-03.09.57:673][  0]LogConfig: Setting CVar [[r.AOQuality:2]]
[2019.12.26-03.09.57:673][  0]LogConfig: Setting CVar [[r.VolumetricFog:1]]
[2019.12.26-03.09.57:673][  0]LogConfig: Setting CVar [[r.VolumetricFog.GridPixelSize:8]]
[2019.12.26-03.09.57:673][  0]LogConfig: Setting CVar [[r.VolumetricFog.GridSizeZ:128]]
[2019.12.26-03.09.57:673][  0]LogConfig: Setting CVar [[r.VolumetricFog.HistoryMissSupersampleCount:4]]
[2019.12.26-03.09.57:673][  0]LogConfig: Setting CVar [[r.LightMaxDrawDistanceScale:1]]
[2019.12.26-03.09.57:673][  0]LogConfig: Setting CVar [[r.CapsuleShadows:1]]
[2019.12.26-03.09.57:673][  0]LogConfig: Applying CVar settings from Section [PostProcessQuality@3] File [W:/Unreal_engine_project/GitHub/Project_Soldier/Saved/Config/Windows/Scalability.ini]
[2019.12.26-03.09.57:673][  0]LogConfig: Setting CVar [[r.MotionBlurQuality:4]]
[2019.12.26-03.09.57:673][  0]LogConfig: Setting CVar [[r.AmbientOcclusionMipLevelFactor:0.4]]
[2019.12.26-03.09.57:673][  0]LogConfig: Setting CVar [[r.AmbientOcclusionMaxQuality:100]]
[2019.12.26-03.09.57:673][  0]LogConfig: Setting CVar [[r.AmbientOcclusionLevels:-1]]
[2019.12.26-03.09.57:674][  0]LogConfig: Setting CVar [[r.AmbientOcclusionRadiusScale:1.0]]
[2019.12.26-03.09.57:674][  0]LogConfig: Setting CVar [[r.DepthOfFieldQuality:2]]
[2019.12.26-03.09.57:674][  0]LogConfig: Setting CVar [[r.RenderTargetPoolMin:400]]
[2019.12.26-03.09.57:674][  0]LogConfig: Setting CVar [[r.LensFlareQuality:2]]
[2019.12.26-03.09.57:674][  0]LogConfig: Setting CVar [[r.SceneColorFringeQuality:1]]
[2019.12.26-03.09.57:674][  0]LogConfig: Setting CVar [[r.EyeAdaptationQuality:2]]
[2019.12.26-03.09.57:674][  0]LogConfig: Setting CVar [[r.BloomQuality:5]]
[2019.12.26-03.09.57:674][  0]LogConfig: Setting CVar [[r.FastBlurThreshold:100]]
[2019.12.26-03.09.57:674][  0]LogConfig: Setting CVar [[r.Upscale.Quality:3]]
[2019.12.26-03.09.57:674][  0]LogConfig: Setting CVar [[r.Tonemapper.GrainQuantization:1]]
[2019.12.26-03.09.57:674][  0]LogConfig: Setting CVar [[r.LightShaftQuality:1]]
[2019.12.26-03.09.57:674][  0]LogConfig: Setting CVar [[r.Filter.SizeScale:1]]
[2019.12.26-03.09.57:674][  0]LogConfig: Setting CVar [[r.Tonemapper.Quality:5]]
[2019.12.26-03.09.57:674][  0]LogConfig: Setting CVar [[r.DOF.Gather.AccumulatorQuality:1        ; higher gathering accumulator quality]]
[2019.12.26-03.09.57:674][  0]LogConfig: Setting CVar [[r.DOF.Gather.PostfilterMethod:1          ; Median3x3 postfilering method]]
[2019.12.26-03.09.57:674][  0]LogConfig: Setting CVar [[r.DOF.Gather.EnableBokehSettings:0       ; no bokeh simulation when gathering]]
[2019.12.26-03.09.57:674][  0]LogConfig: Setting CVar [[r.DOF.Gather.RingCount:4                 ; medium number of samples when gathering]]
[2019.12.26-03.09.57:674][  0]LogConfig: Setting CVar [[r.DOF.Scatter.ForegroundCompositing:1    ; additive foreground scattering]]
[2019.12.26-03.09.57:674][  0]LogConfig: Setting CVar [[r.DOF.Scatter.BackgroundCompositing:2    ; additive background scattering]]
[2019.12.26-03.09.57:674][  0]LogConfig: Setting CVar [[r.DOF.Scatter.EnableBokehSettings:1      ; bokeh simulation when scattering]]
[2019.12.26-03.09.57:674][  0]LogConfig: Setting CVar [[r.DOF.Scatter.MaxSpriteRatio:0.1         ; only a maximum of 10% of scattered bokeh]]
[2019.12.26-03.09.57:674][  0]LogConfig: Setting CVar [[r.DOF.Recombine.Quality:1                ; cheap slight out of focus]]
[2019.12.26-03.09.57:674][  0]LogConfig: Setting CVar [[r.DOF.Recombine.EnableBokehSettings:0    ; no bokeh simulation on slight out of focus]]
[2019.12.26-03.09.57:674][  0]LogConfig: Setting CVar [[r.DOF.TemporalAAQuality:1                ; more stable temporal accumulation]]
[2019.12.26-03.09.57:674][  0]LogConfig: Setting CVar [[r.DOF.Kernel.MaxForegroundRadius:0.025]]
[2019.12.26-03.09.57:674][  0]LogConfig: Setting CVar [[r.DOF.Kernel.MaxBackgroundRadius:0.025]]
[2019.12.26-03.09.57:674][  0]LogConfig: Applying CVar settings from Section [TextureQuality@3] File [W:/Unreal_engine_project/GitHub/Project_Soldier/Saved/Config/Windows/Scalability.ini]
[2019.12.26-03.09.57:674][  0]LogConfig: Setting CVar [[r.Streaming.MipBias:0]]
[2019.12.26-03.09.57:674][  0]LogConfig: Setting CVar [[r.Streaming.AmortizeCPUToGPUCopy:0]]
[2019.12.26-03.09.57:674][  0]LogConfig: Setting CVar [[r.Streaming.MaxNumTexturesToStreamPerFrame:0]]
[2019.12.26-03.09.57:674][  0]LogConfig: Setting CVar [[r.Streaming.Boost:1]]
[2019.12.26-03.09.57:674][  0]LogConfig: Setting CVar [[r.MaxAnisotropy:8]]
[2019.12.26-03.09.57:674][  0]LogConfig: Setting CVar [[r.VT.MaxAnisotropy:8]]
[2019.12.26-03.09.57:674][  0]LogConfig: Setting CVar [[r.Streaming.LimitPoolSizeToVRAM:0]]
[2019.12.26-03.09.57:674][  0]LogConfig: Setting CVar [[r.Streaming.PoolSize:1000]]
[2019.12.26-03.09.57:674][  0]LogConfig: Setting CVar [[r.Streaming.MaxEffectiveScreenSize:0]]
[2019.12.26-03.09.57:674][  0]LogConfig: Applying CVar settings from Section [EffectsQuality@3] File [W:/Unreal_engine_project/GitHub/Project_Soldier/Saved/Config/Windows/Scalability.ini]
[2019.12.26-03.09.57:674][  0]LogConfig: Setting CVar [[r.TranslucencyLightingVolumeDim:64]]
[2019.12.26-03.09.57:674][  0]LogConfig: Setting CVar [[r.RefractionQuality:2]]
[2019.12.26-03.09.57:674][  0]LogConfig: Setting CVar [[r.SSR.Quality:3]]
[2019.12.26-03.09.57:674][  0]LogConfig: Setting CVar [[r.SSR.HalfResSceneColor:0]]
[2019.12.26-03.09.57:674][  0]LogConfig: Setting CVar [[r.SceneColorFormat:4]]
[2019.12.26-03.09.57:674][  0]LogConfig: Setting CVar [[r.DetailMode:2]]
[2019.12.26-03.09.57:674][  0]LogConfig: Setting CVar [[r.TranslucencyVolumeBlur:1]]
[2019.12.26-03.09.57:674][  0]LogConfig: Setting CVar [[r.MaterialQualityLevel:1 ; High quality]]
[2019.12.26-03.09.57:674][  0]LogConfig: Setting CVar [[r.SSS.Scale:1]]
[2019.12.26-03.09.57:674][  0]LogConfig: Setting CVar [[r.SSS.SampleSet:2]]
[2019.12.26-03.09.57:674][  0]LogConfig: Setting CVar [[r.SSS.Quality:1]]
[2019.12.26-03.09.57:674][  0]LogConfig: Setting CVar [[r.SSS.HalfRes:1]]
[2019.12.26-03.09.57:674][  0]LogConfig: Setting CVar [[r.SSGI.Quality:3]]
[2019.12.26-03.09.57:674][  0]LogConfig: Setting CVar [[r.EmitterSpawnRateScale:1.0]]
[2019.12.26-03.09.57:674][  0]LogConfig: Setting CVar [[r.ParticleLightQuality:2]]
[2019.12.26-03.09.57:674][  0]LogConfig: Setting CVar [[r.SkyAtmosphere.AerialPerspectiveLUT.FastApplyOnOpaque:1 ; Always have FastSkyLUT 1 in this case to avoid wrong sky]]
[2019.12.26-03.09.57:674][  0]LogConfig: Setting CVar [[r.SkyAtmosphere.AerialPerspectiveLUT.SampleCountPerSlice:1]]
[2019.12.26-03.09.57:674][  0]LogConfig: Setting CVar [[r.SkyAtmosphere.AerialPerspectiveLUT.DepthResolution:16.0]]
[2019.12.26-03.09.57:674][  0]LogConfig: Setting CVar [[r.SkyAtmosphere.FastSkyLUT:1]]
[2019.12.26-03.09.57:674][  0]LogConfig: Setting CVar [[r.SkyAtmosphere.FastSkyLUT.SampleCountMin:4.0]]
[2019.12.26-03.09.57:674][  0]LogConfig: Setting CVar [[r.SkyAtmosphere.FastSkyLUT.SampleCountMax:32.0]]
[2019.12.26-03.09.57:674][  0]LogConfig: Setting CVar [[r.SkyAtmosphere.SampleCountMin:4.0]]
[2019.12.26-03.09.57:674][  0]LogConfig: Setting CVar [[r.SkyAtmosphere.SampleCountMax:32.0]]
[2019.12.26-03.09.57:674][  0]LogConfig: Setting CVar [[r.SkyAtmosphere.TransmittanceLUT.UseSmallFormat:0]]
[2019.12.26-03.09.57:674][  0]LogConfig: Setting CVar [[r.SkyAtmosphere.TransmittanceLUT.SampleCount:10.0]]
[2019.12.26-03.09.57:674][  0]LogConfig: Setting CVar [[r.SkyAtmosphere.MultiScatteringLUT.SampleCount:15.0]]
[2019.12.26-03.09.57:674][  0]LogConfig: Applying CVar settings from Section [FoliageQuality@3] File [W:/Unreal_engine_project/GitHub/Project_Soldier/Saved/Config/Windows/Scalability.ini]
[2019.12.26-03.09.57:674][  0]LogConfig: Setting CVar [[foliage.DensityScale:1.0]]
[2019.12.26-03.09.57:674][  0]LogConfig: Setting CVar [[grass.DensityScale:1.0]]
[2019.12.26-03.09.57:674][  0]LogConfig: Applying CVar settings from Section [ShadingQuality@3] File [W:/Unreal_engine_project/GitHub/Project_Soldier/Saved/Config/Windows/Scalability.ini]
[2019.12.26-03.09.57:674][  0]LogConfig: Setting CVar [[r.HairStrands.SkyLighting.SampleCount:16]]
[2019.12.26-03.09.57:674][  0]LogConfig: Setting CVar [[r.HairStrands.SkyLighting.JitterIntegration:0]]
[2019.12.26-03.09.57:674][  0]LogConfig: Setting CVar [[r.HairStrands.SkyAO.SampleCount:16]]
[2019.12.26-03.09.57:674][  0]LogInit: Selected Device Profile: [Windows]
[2019.12.26-03.09.57:674][  0]LogInit: Applying CVar settings loaded from the selected device profile: [Windows]
[2019.12.26-03.09.57:676][  0]LogHAL: Display: Platform has ~ 32 GB [34289582080 / 34359738368 / 32], which maps to Largest [LargestMinGB=32, LargerMinGB=12, DefaultMinGB=8, SmallerMinGB=6, SmallestMinGB=0)
[2019.12.26-03.09.57:676][  0]LogInit: Going up to parent DeviceProfile []
[2019.12.26-03.09.57:676][  0]LogConfig: Applying CVar settings from Section [ViewDistanceQuality@3] File [W:/Unreal_engine_project/GitHub/Project_Soldier/Saved/Config/Windows/Scalability.ini]
[2019.12.26-03.09.57:676][  0]LogConfig: Setting CVar [[r.SkeletalMeshLODBias:0]]
[2019.12.26-03.09.57:676][  0]LogConfig: Setting CVar [[r.ViewDistanceScale:1.0]]
[2019.12.26-03.09.57:676][  0]LogConfig: Applying CVar settings from Section [AntiAliasingQuality@3] File [W:/Unreal_engine_project/GitHub/Project_Soldier/Saved/Config/Windows/Scalability.ini]
[2019.12.26-03.09.57:676][  0]LogConfig: Setting CVar [[r.PostProcessAAQuality:4]]
[2019.12.26-03.09.57:676][  0]LogConfig: Applying CVar settings from Section [ShadowQuality@3] File [W:/Unreal_engine_project/GitHub/Project_Soldier/Saved/Config/Windows/Scalability.ini]
[2019.12.26-03.09.57:676][  0]LogConfig: Setting CVar [[r.LightFunctionQuality:1]]
[2019.12.26-03.09.57:676][  0]LogConfig: Setting CVar [[r.ShadowQuality:5]]
[2019.12.26-03.09.57:676][  0]LogConfig: Setting CVar [[r.Shadow.CSM.MaxCascades:10]]
[2019.12.26-03.09.57:676][  0]LogConfig: Setting CVar [[r.Shadow.MaxResolution:2048]]
[2019.12.26-03.09.57:676][  0]LogConfig: Setting CVar [[r.Shadow.MaxCSMResolution:2048]]
[2019.12.26-03.09.57:676][  0]LogConfig: Setting CVar [[r.Shadow.RadiusThreshold:0.01]]
[2019.12.26-03.09.57:676][  0]LogConfig: Setting CVar [[r.Shadow.DistanceScale:1.0]]
[2019.12.26-03.09.57:676][  0]LogConfig: Setting CVar [[r.Shadow.CSM.TransitionScale:1.0]]
[2019.12.26-03.09.57:676][  0]LogConfig: Setting CVar [[r.Shadow.PreShadowResolutionFactor:1.0]]
[2019.12.26-03.09.57:676][  0]LogConfig: Setting CVar [[r.DistanceFieldShadowing:1]]
[2019.12.26-03.09.57:676][  0]LogConfig: Setting CVar [[r.DistanceFieldAO:1]]
[2019.12.26-03.09.57:676][  0]LogConfig: Setting CVar [[r.AOQuality:2]]
[2019.12.26-03.09.57:676][  0]LogConfig: Setting CVar [[r.VolumetricFog:1]]
[2019.12.26-03.09.57:676][  0]LogConfig: Setting CVar [[r.VolumetricFog.GridPixelSize:8]]
[2019.12.26-03.09.57:676][  0]LogConfig: Setting CVar [[r.VolumetricFog.GridSizeZ:128]]
[2019.12.26-03.09.57:676][  0]LogConfig: Setting CVar [[r.VolumetricFog.HistoryMissSupersampleCount:4]]
[2019.12.26-03.09.57:676][  0]LogConfig: Setting CVar [[r.LightMaxDrawDistanceScale:1]]
[2019.12.26-03.09.57:676][  0]LogConfig: Setting CVar [[r.CapsuleShadows:1]]
[2019.12.26-03.09.57:676][  0]LogConfig: Applying CVar settings from Section [PostProcessQuality@3] File [W:/Unreal_engine_project/GitHub/Project_Soldier/Saved/Config/Windows/Scalability.ini]
[2019.12.26-03.09.57:676][  0]LogConfig: Setting CVar [[r.MotionBlurQuality:4]]
[2019.12.26-03.09.57:676][  0]LogConfig: Setting CVar [[r.AmbientOcclusionMipLevelFactor:0.4]]
[2019.12.26-03.09.57:676][  0]LogConfig: Setting CVar [[r.AmbientOcclusionMaxQuality:100]]
[2019.12.26-03.09.57:676][  0]LogConfig: Setting CVar [[r.AmbientOcclusionLevels:-1]]
[2019.12.26-03.09.57:676][  0]LogConfig: Setting CVar [[r.AmbientOcclusionRadiusScale:1.0]]
[2019.12.26-03.09.57:676][  0]LogConfig: Setting CVar [[r.DepthOfFieldQuality:2]]
[2019.12.26-03.09.57:676][  0]LogConfig: Setting CVar [[r.RenderTargetPoolMin:400]]
[2019.12.26-03.09.57:676][  0]LogConfig: Setting CVar [[r.LensFlareQuality:2]]
[2019.12.26-03.09.57:676][  0]LogConfig: Setting CVar [[r.SceneColorFringeQuality:1]]
[2019.12.26-03.09.57:676][  0]LogConfig: Setting CVar [[r.EyeAdaptationQuality:2]]
[2019.12.26-03.09.57:676][  0]LogConfig: Setting CVar [[r.BloomQuality:5]]
[2019.12.26-03.09.57:676][  0]LogConfig: Setting CVar [[r.FastBlurThreshold:100]]
[2019.12.26-03.09.57:676][  0]LogConfig: Setting CVar [[r.Upscale.Quality:3]]
[2019.12.26-03.09.57:676][  0]LogConfig: Setting CVar [[r.Tonemapper.GrainQuantization:1]]
[2019.12.26-03.09.57:677][  0]LogConfig: Setting CVar [[r.LightShaftQuality:1]]
[2019.12.26-03.09.57:677][  0]LogConfig: Setting CVar [[r.Filter.SizeScale:1]]
[2019.12.26-03.09.57:677][  0]LogConfig: Setting CVar [[r.Tonemapper.Quality:5]]
[2019.12.26-03.09.57:677][  0]LogConfig: Setting CVar [[r.DOF.Gather.AccumulatorQuality:1        ; higher gathering accumulator quality]]
[2019.12.26-03.09.57:677][  0]LogConfig: Setting CVar [[r.DOF.Gather.PostfilterMethod:1          ; Median3x3 postfilering method]]
[2019.12.26-03.09.57:677][  0]LogConfig: Setting CVar [[r.DOF.Gather.EnableBokehSettings:0       ; no bokeh simulation when gathering]]
[2019.12.26-03.09.57:677][  0]LogConfig: Setting CVar [[r.DOF.Gather.RingCount:4                 ; medium number of samples when gathering]]
[2019.12.26-03.09.57:677][  0]LogConfig: Setting CVar [[r.DOF.Scatter.ForegroundCompositing:1    ; additive foreground scattering]]
[2019.12.26-03.09.57:677][  0]LogConfig: Setting CVar [[r.DOF.Scatter.BackgroundCompositing:2    ; additive background scattering]]
[2019.12.26-03.09.57:677][  0]LogConfig: Setting CVar [[r.DOF.Scatter.EnableBokehSettings:1      ; bokeh simulation when scattering]]
[2019.12.26-03.09.57:677][  0]LogConfig: Setting CVar [[r.DOF.Scatter.MaxSpriteRatio:0.1         ; only a maximum of 10% of scattered bokeh]]
[2019.12.26-03.09.57:677][  0]LogConfig: Setting CVar [[r.DOF.Recombine.Quality:1                ; cheap slight out of focus]]
[2019.12.26-03.09.57:677][  0]LogConfig: Setting CVar [[r.DOF.Recombine.EnableBokehSettings:0    ; no bokeh simulation on slight out of focus]]
[2019.12.26-03.09.57:677][  0]LogConfig: Setting CVar [[r.DOF.TemporalAAQuality:1                ; more stable temporal accumulation]]
[2019.12.26-03.09.57:677][  0]LogConfig: Setting CVar [[r.DOF.Kernel.MaxForegroundRadius:0.025]]
[2019.12.26-03.09.57:677][  0]LogConfig: Setting CVar [[r.DOF.Kernel.MaxBackgroundRadius:0.025]]
[2019.12.26-03.09.57:677][  0]LogConfig: Applying CVar settings from Section [TextureQuality@3] File [W:/Unreal_engine_project/GitHub/Project_Soldier/Saved/Config/Windows/Scalability.ini]
[2019.12.26-03.09.57:677][  0]LogConfig: Setting CVar [[r.Streaming.MipBias:0]]
[2019.12.26-03.09.57:677][  0]LogConfig: Setting CVar [[r.Streaming.AmortizeCPUToGPUCopy:0]]
[2019.12.26-03.09.57:677][  0]LogConfig: Setting CVar [[r.Streaming.MaxNumTexturesToStreamPerFrame:0]]
[2019.12.26-03.09.57:677][  0]LogConfig: Setting CVar [[r.Streaming.Boost:1]]
[2019.12.26-03.09.57:677][  0]LogConfig: Setting CVar [[r.MaxAnisotropy:8]]
[2019.12.26-03.09.57:677][  0]LogConfig: Setting CVar [[r.VT.MaxAnisotropy:8]]
[2019.12.26-03.09.57:677][  0]LogConfig: Setting CVar [[r.Streaming.LimitPoolSizeToVRAM:0]]
[2019.12.26-03.09.57:677][  0]LogConfig: Setting CVar [[r.Streaming.PoolSize:1000]]
[2019.12.26-03.09.57:677][  0]LogConfig: Setting CVar [[r.Streaming.MaxEffectiveScreenSize:0]]
[2019.12.26-03.09.57:677][  0]LogConfig: Applying CVar settings from Section [EffectsQuality@3] File [W:/Unreal_engine_project/GitHub/Project_Soldier/Saved/Config/Windows/Scalability.ini]
[2019.12.26-03.09.57:677][  0]LogConfig: Setting CVar [[r.TranslucencyLightingVolumeDim:64]]
[2019.12.26-03.09.57:677][  0]LogConfig: Setting CVar [[r.RefractionQuality:2]]
[2019.12.26-03.09.57:677][  0]LogConfig: Setting CVar [[r.SSR.Quality:3]]
[2019.12.26-03.09.57:677][  0]LogConfig: Setting CVar [[r.SSR.HalfResSceneColor:0]]
[2019.12.26-03.09.57:677][  0]LogConfig: Setting CVar [[r.SceneColorFormat:4]]
[2019.12.26-03.09.57:677][  0]LogConfig: Setting CVar [[r.DetailMode:2]]
[2019.12.26-03.09.57:677][  0]LogConfig: Setting CVar [[r.TranslucencyVolumeBlur:1]]
[2019.12.26-03.09.57:677][  0]LogConfig: Setting CVar [[r.MaterialQualityLevel:1 ; High quality]]
[2019.12.26-03.09.57:677][  0]LogConfig: Setting CVar [[r.SSS.Scale:1]]
[2019.12.26-03.09.57:677][  0]LogConfig: Setting CVar [[r.SSS.SampleSet:2]]
[2019.12.26-03.09.57:677][  0]LogConfig: Setting CVar [[r.SSS.Quality:1]]
[2019.12.26-03.09.57:677][  0]LogConfig: Setting CVar [[r.SSS.HalfRes:1]]
[2019.12.26-03.09.57:677][  0]LogConfig: Setting CVar [[r.SSGI.Quality:3]]
[2019.12.26-03.09.57:677][  0]LogConfig: Setting CVar [[r.EmitterSpawnRateScale:1.0]]
[2019.12.26-03.09.57:677][  0]LogConfig: Setting CVar [[r.ParticleLightQuality:2]]
[2019.12.26-03.09.57:677][  0]LogConfig: Setting CVar [[r.SkyAtmosphere.AerialPerspectiveLUT.FastApplyOnOpaque:1 ; Always have FastSkyLUT 1 in this case to avoid wrong sky]]
[2019.12.26-03.09.57:677][  0]LogConfig: Setting CVar [[r.SkyAtmosphere.AerialPerspectiveLUT.SampleCountPerSlice:1]]
[2019.12.26-03.09.57:677][  0]LogConfig: Setting CVar [[r.SkyAtmosphere.AerialPerspectiveLUT.DepthResolution:16.0]]
[2019.12.26-03.09.57:677][  0]LogConfig: Setting CVar [[r.SkyAtmosphere.FastSkyLUT:1]]
[2019.12.26-03.09.57:677][  0]LogConfig: Setting CVar [[r.SkyAtmosphere.FastSkyLUT.SampleCountMin:4.0]]
[2019.12.26-03.09.57:677][  0]LogConfig: Setting CVar [[r.SkyAtmosphere.FastSkyLUT.SampleCountMax:32.0]]
[2019.12.26-03.09.57:677][  0]LogConfig: Setting CVar [[r.SkyAtmosphere.SampleCountMin:4.0]]
[2019.12.26-03.09.57:677][  0]LogConfig: Setting CVar [[r.SkyAtmosphere.SampleCountMax:32.0]]
[2019.12.26-03.09.57:677][  0]LogConfig: Setting CVar [[r.SkyAtmosphere.TransmittanceLUT.UseSmallFormat:0]]
[2019.12.26-03.09.57:677][  0]LogConfig: Setting CVar [[r.SkyAtmosphere.TransmittanceLUT.SampleCount:10.0]]
[2019.12.26-03.09.57:677][  0]LogConfig: Setting CVar [[r.SkyAtmosphere.MultiScatteringLUT.SampleCount:15.0]]
[2019.12.26-03.09.57:677][  0]LogConfig: Applying CVar settings from Section [FoliageQuality@3] File [W:/Unreal_engine_project/GitHub/Project_Soldier/Saved/Config/Windows/Scalability.ini]
[2019.12.26-03.09.57:677][  0]LogConfig: Setting CVar [[foliage.DensityScale:1.0]]
[2019.12.26-03.09.57:677][  0]LogConfig: Setting CVar [[grass.DensityScale:1.0]]
[2019.12.26-03.09.57:677][  0]LogConfig: Applying CVar settings from Section [ShadingQuality@3] File [W:/Unreal_engine_project/GitHub/Project_Soldier/Saved/Config/Windows/Scalability.ini]
[2019.12.26-03.09.57:677][  0]LogConfig: Setting CVar [[r.HairStrands.SkyLighting.SampleCount:16]]
[2019.12.26-03.09.57:677][  0]LogConfig: Setting CVar [[r.HairStrands.SkyLighting.JitterIntegration:0]]
[2019.12.26-03.09.57:677][  0]LogConfig: Setting CVar [[r.HairStrands.SkyAO.SampleCount:16]]
[2019.12.26-03.09.57:677][  0]LogConfig: Applying CVar settings from Section [Startup] File [../../../Engine/Config/ConsoleVariables.ini]
[2019.12.26-03.09.57:677][  0]LogConfig: Setting CVar [[net.UseAdaptiveNetUpdateFrequency:0]]
[2019.12.26-03.09.57:677][  0]LogConfig: Setting CVar [[p.chaos.AllowCreatePhysxBodies:1]]
[2019.12.26-03.09.57:677][  0]LogConfig: Applying CVar settings from Section [ConsoleVariables] File [W:/Unreal_engine_project/GitHub/Project_Soldier/Saved/Config/Windows/Engine.ini]
[2019.12.26-03.09.57:677][  0]LogInit: Computer: DESKTOP-B1UADNA
[2019.12.26-03.09.57:677][  0]LogInit: User: soumaru
[2019.12.26-03.09.57:677][  0]LogInit: CPU Page size=4096, Cores=6
[2019.12.26-03.09.57:677][  0]LogInit: High frequency timer resolution =10.000000 MHz
[2019.12.26-03.09.57:678][  0]LogMemory: Memory total: Physical=31.9GB (32GB approx)
[2019.12.26-03.09.57:678][  0]LogMemory: Platform Memory Stats for Windows
[2019.12.26-03.09.57:678][  0]LogMemory: Process Physical Memory: 105.04 MB used, 105.04 MB peak
[2019.12.26-03.09.57:678][  0]LogMemory: Process Virtual Memory: 101.52 MB used, 101.52 MB peak
[2019.12.26-03.09.57:678][  0]LogMemory: Physical Memory: 9310.78 MB used,  23390.32 MB free, 32701.09 MB total
[2019.12.26-03.09.57:678][  0]LogMemory: Virtual Memory: 5159.30 MB used,  134212568.00 MB free, 134217728.00 MB total
[2019.12.26-03.09.57:679][  0]LogWindows: WindowsPlatformFeatures enabled
[2019.12.26-03.09.57:691][  0]LogInit: Using OS detected language (ja-JP).
[2019.12.26-03.09.57:691][  0]LogInit: Using OS detected locale (ja-JP).
[2019.12.26-03.09.57:692][  0]LogTextLocalizationManager: No specific localization for 'ja-JP' exists, so the 'ja' localization will be used.
[2019.12.26-03.09.57:751][  0]LogInit: Setting process to per monitor DPI aware
[2019.12.26-03.09.57:815][  0]LogSlate: New Slate User Created.  User Index 0, Is Virtual User: 0
[2019.12.26-03.09.57:815][  0]LogSlate: Slate User Registered.  User Index 0, Is Virtual User: 0
[2019.12.26-03.09.57:969][  0]LogD3D12RHI: Aftermath initialized
[2019.12.26-03.09.57:969][  0]LogD3D12RHI: Loading WinPixEventRuntime.dll for PIX profiling (from ../../../Engine/Binaries/ThirdParty/Windows/DirectX/x64).
[2019.12.26-03.09.58:009][  0]LogHMD: Failed to initialize OpenVR with code 110
[2019.12.26-03.09.58:128][  0]LogD3D12RHI: Found D3D12 adapter 0: NVIDIA GeForce GTX 1080 (Max supported Feature Level 12_1)
[2019.12.26-03.09.58:128][  0]LogD3D12RHI: Adapter has 8079MB of dedicated video memory, 0MB of dedicated system memory, and 16350MB of shared system memory, 2 output[s]
[2019.12.26-03.09.58:163][  0]LogD3D12RHI: Found D3D12 adapter 1: Microsoft Basic Render Driver (Max supported Feature Level 12_1)
[2019.12.26-03.09.58:163][  0]LogD3D12RHI: Adapter has 0MB of dedicated video memory, 0MB of dedicated system memory, and 16350MB of shared system memory, 0 output[s]
[2019.12.26-03.09.58:163][  0]LogD3D12RHI: Forcing D3D12.AsyncDeferredDeletion=0 as a workaround for a deadlock.
[2019.12.26-03.09.58:163][  0]LogD3D12RHI: Chosen D3D12 Adapter Id = 0
[2019.12.26-03.09.58:177][  0]LogD3D12RHI: Emitting draw events for PIX profiling.
[2019.12.26-03.09.58:230][  0]LogD3D12RHI: D3D12 ray tracing enabled.
[2019.12.26-03.09.58:230][  0]LogD3D12RHI: The system supports ID3D12Device1.
[2019.12.26-03.09.58:230][  0]LogD3D12RHI: The system supports ID3D12Device2.
[2019.12.26-03.09.58:359][  0]LogD3D12RHI: Display: Not using pipeline state disk cache per r.D3D12.PSO.DiskCache=0
[2019.12.26-03.09.58:359][  0]LogD3D12RHI: Display: Not using driver-optimized pipeline state disk cache per r.D3D12.PSO.DriverOptimizedDiskCache=0
[2019.12.26-03.09.58:361][  0]LogD3D12RHI:     GPU DeviceId: 0x1b80 (for the marketing name, search the web for "GPU Device Id")
[2019.12.26-03.09.58:361][  0]LogWindows: EnumDisplayDevices:
[2019.12.26-03.09.58:361][  0]LogWindows:    0. 'NVIDIA GeForce GTX 1080' (P:0 D:1)
[2019.12.26-03.09.58:362][  0]LogWindows:    1. 'NVIDIA GeForce GTX 1080' (P:1 D:1)
[2019.12.26-03.09.58:362][  0]LogWindows:    2. 'NVIDIA GeForce GTX 1080' (P:0 D:0)
[2019.12.26-03.09.58:362][  0]LogWindows:    3. 'NVIDIA GeForce GTX 1080' (P:0 D:0)
[2019.12.26-03.09.58:362][  0]LogWindows: DebugString: FoundDriverCount:4 
[2019.12.26-03.09.58:362][  0]LogD3D12RHI:     Adapter Name: NVIDIA GeForce GTX 1080
[2019.12.26-03.09.58:362][  0]LogD3D12RHI:   Driver Version: 441.66 (internal:26.21.14.4166, unified:441.66)
[2019.12.26-03.09.58:362][  0]LogD3D12RHI:      Driver Date: 12-6-2019
[2019.12.26-03.09.58:362][  0]LogRHI: Texture pool is 4326 MB (70% of 6180 MB)
[2019.12.26-03.09.58:362][  0]LogD3D12RHI: Async texture creation enabled
[2019.12.26-03.09.58:362][  0]LogD3D12RHI: RHI has support for 64 bit atomics
[2019.12.26-03.09.58:600][  0]LogTargetPlatformManager: Display: Loaded TargetPlatform 'AllDesktop'
[2019.12.26-03.09.58:624][  0]LogTargetPlatformManager: Display: Loaded TargetPlatform 'Android'
[2019.12.26-03.09.58:624][  0]LogTargetPlatformManager: Display: Loaded TargetPlatform 'Android_ASTC'
[2019.12.26-03.09.58:624][  0]LogTargetPlatformManager: Display: Loaded TargetPlatform 'Android_ATC'
[2019.12.26-03.09.58:624][  0]LogTargetPlatformManager: Display: Loaded TargetPlatform 'Android_DXT'
[2019.12.26-03.09.58:624][  0]LogTargetPlatformManager: Display: Loaded TargetPlatform 'Android_ETC1'
[2019.12.26-03.09.58:624][  0]LogTargetPlatformManager: Display: Loaded TargetPlatform 'Android_ETC1a'
[2019.12.26-03.09.58:624][  0]LogTargetPlatformManager: Display: Loaded TargetPlatform 'Android_ETC2'
[2019.12.26-03.09.58:624][  0]LogTargetPlatformManager: Display: Loaded TargetPlatform 'Android_PVRTC'
[2019.12.26-03.09.58:624][  0]LogTargetPlatformManager: Display: Loaded TargetPlatform 'AndroidClient'
[2019.12.26-03.09.58:624][  0]LogTargetPlatformManager: Display: Loaded TargetPlatform 'Android_ASTCClient'
[2019.12.26-03.09.58:624][  0]LogTargetPlatformManager: Display: Loaded TargetPlatform 'Android_ATCClient'
[2019.12.26-03.09.58:624][  0]LogTargetPlatformManager: Display: Loaded TargetPlatform 'Android_DXTClient'
[2019.12.26-03.09.58:624][  0]LogTargetPlatformManager: Display: Loaded TargetPlatform 'Android_ETC1Client'
[2019.12.26-03.09.58:624][  0]LogTargetPlatformManager: Display: Loaded TargetPlatform 'Android_ETC1aClient'
[2019.12.26-03.09.58:624][  0]LogTargetPlatformManager: Display: Loaded TargetPlatform 'Android_ETC2Client'
[2019.12.26-03.09.58:624][  0]LogTargetPlatformManager: Display: Loaded TargetPlatform 'Android_PVRTCClient'
[2019.12.26-03.09.58:624][  0]LogTargetPlatformManager: Display: Loaded TargetPlatform 'Android_Multi'
[2019.12.26-03.09.58:624][  0]LogTargetPlatformManager: Display: Loaded TargetPlatform 'Android_MultiClient'
[2019.12.26-03.09.58:637][  0]LogTargetPlatformManager: Display: Loaded TargetPlatform 'IOSClient'
[2019.12.26-03.09.58:637][  0]LogTargetPlatformManager: Display: Loaded TargetPlatform 'IOS'
[2019.12.26-03.09.58:645][  0]LogTargetPlatformManager: Display: Loaded TargetPlatform 'LinuxNoEditor'
[2019.12.26-03.09.58:653][  0]LogTargetPlatformManager: Display: Loaded TargetPlatform 'LinuxClient'
[2019.12.26-03.09.58:657][  0]LogTargetPlatformManager: Display: Loaded TargetPlatform 'LinuxServer'
[2019.12.26-03.09.58:664][  0]LogTargetPlatformManager: Display: Loaded TargetPlatform 'LinuxAArch64NoEditor'
[2019.12.26-03.09.58:669][  0]LogTargetPlatformManager: Display: Loaded TargetPlatform 'LinuxAArch64Client'
[2019.12.26-03.09.58:677][  0]LogTargetPlatformManager: Display: Loaded TargetPlatform 'LinuxAArch64Server'
[2019.12.26-03.09.58:702][  0]LogTargetPlatformManager: Display: Loaded TargetPlatform 'Lumin'
[2019.12.26-03.09.58:702][  0]LogTargetPlatformManager: Display: Loaded TargetPlatform 'LuminClient'
[2019.12.26-03.09.58:711][  0]LogTargetPlatformManager: Display: Loaded TargetPlatform 'TVOSClient'
[2019.12.26-03.09.58:711][  0]LogTargetPlatformManager: Display: Loaded TargetPlatform 'TVOS'
[2019.12.26-03.09.58:719][  0]LogTargetPlatformManager: Display: Loaded TargetPlatform 'WindowsNoEditor'
[2019.12.26-03.09.58:726][  0]LogTargetPlatformManager: Display: Loaded TargetPlatform 'Windows'
[2019.12.26-03.09.58:735][  0]LogTargetPlatformManager: Display: Loaded TargetPlatform 'WindowsClient'
[2019.12.26-03.09.58:740][  0]LogTargetPlatformManager: Display: Loaded TargetPlatform 'WindowsServer'
[2019.12.26-03.09.58:740][  0]LogTargetPlatformManager: Display: Building Assets For Windows
[2019.12.26-03.09.58:741][  0]LogAudioDebug: Display: Lib vorbis DLL was dynamically loaded.
[2019.12.26-03.09.58:754][  0]LogShaderCompilers: Guid format shader working directory is -38 characters bigger than the processId version (../../../../../Unreal_engine_project/GitHub/Project_Soldier/Intermediate/Shaders/WorkingDirectory/160904/).
[2019.12.26-03.09.58:754][  0]LogShaderCompilers: Cleaned the shader compiler working directory 'W:/TMP/TMP/UnrealShaderWorkingDir/2400E980436D116400A3D3B8E10FF17C/'.
[2019.12.26-03.09.58:754][  0]LogXGEController: Cannot use XGE Controller as Incredibuild is not installed on this machine.
[2019.12.26-03.09.58:754][  0]LogShaderCompilers: Cannot use XGE Shader Compiler as Incredibuild is not installed on this machine.
[2019.12.26-03.09.58:754][  0]LogShaderCompilers: Display: Using Local Shader Compiler.
[2019.12.26-03.09.59:331][  0]LogDerivedDataCache: Display: Max Cache Size: 512 MB
[2019.12.26-03.09.59:396][  0]LogDerivedDataCache: Loaded boot cache 0.07s 112MB C:/Users/soumaru/AppData/Local/UnrealEngine/4.24/DerivedDataCache/Boot.ddc.
[2019.12.26-03.09.59:396][  0]LogDerivedDataCache: Display: Loaded Boot cache: C:/Users/soumaru/AppData/Local/UnrealEngine/4.24/DerivedDataCache/Boot.ddc
[2019.12.26-03.09.59:396][  0]LogDerivedDataCache: FDerivedDataBackendGraph:  Pak pak cache file ../../../../../Unreal_engine_project/GitHub/Project_Soldier/DerivedDataCache/DDC.ddp not found, will not use a pak cache.
[2019.12.26-03.09.59:397][  0]LogDerivedDataCache: Unable to find inner node Pak for hierarchical cache Hierarchy.
[2019.12.26-03.09.59:397][  0]LogDerivedDataCache: FDerivedDataBackendGraph:  CompressedPak pak cache file ../../../../../Unreal_engine_project/GitHub/Project_Soldier/DerivedDataCache/Compressed.ddp not found, will not use a pak cache.
[2019.12.26-03.09.59:397][  0]LogDerivedDataCache: Unable to find inner node CompressedPak for hierarchical cache Hierarchy.
[2019.12.26-03.09.59:404][  0]LogDerivedDataCache: Display: Pak cache opened for reading ../../../Engine/DerivedDataCache/Compressed.ddp.
[2019.12.26-03.09.59:404][  0]LogDerivedDataCache: FDerivedDataBackendGraph:  EnterprisePak pak cache file ../../../Enterprise/DerivedDataCache/Compressed.ddp not found, will not use a pak cache.
[2019.12.26-03.09.59:404][  0]LogDerivedDataCache: Unable to find inner node EnterprisePak for hierarchical cache Hierarchy.
[2019.12.26-03.09.59:405][  0]LogDerivedDataCache: Using Local data cache path C:/Users/soumaru/AppData/Local/UnrealEngine/Common/DerivedDataCache: Writable
[2019.12.26-03.09.59:405][  0]LogDerivedDataCache: Shared data cache path not found in *engine.ini, will not use an Shared cache.
[2019.12.26-03.09.59:405][  0]LogDerivedDataCache: Unable to find inner node Shared for hierarchical cache Hierarchy.
[2019.12.26-03.09.59:477][  0]LogMaterial: Verifying Global Shaders for PCD3D_SM5
[2019.12.26-03.09.59:479][  0]LogSlate: Using FreeType 2.10.0
[2019.12.26-03.09.59:479][  0]LogSlate: SlateFontServices - WITH_FREETYPE: 1, WITH_HARFBUZZ: 1
[2019.12.26-03.09.59:518][  0]LogAssetRegistry: FAssetRegistry took 0.0018 seconds to start up
[2019.12.26-03.09.59:737][  0]LogInit: Selected Device Profile: [Windows]
[2019.12.26-03.09.59:875][  0]LogMeshReduction: Using QuadricMeshReduction for automatic static mesh reduction
[2019.12.26-03.09.59:875][  0]LogMeshReduction: Using SimplygonMeshReduction for automatic skeletal mesh reduction
[2019.12.26-03.09.59:875][  0]LogMeshReduction: Using ProxyLODMeshReduction for automatic mesh merging
[2019.12.26-03.09.59:875][  0]LogMeshReduction: No distributed automatic mesh merging module available
[2019.12.26-03.09.59:875][  0]LogMeshMerging: No distributed automatic mesh merging module available
[2019.12.26-03.10.00:093][  0]LogNetVersion: Project_Soldier 1.0.0, NetCL: 10570792, EngineNetVer: 13, GameNetVer: 0 (Checksum: 211517668)
[2019.12.26-03.10.00:916][  0]LogPackageLocalizationCache: Processed 10 localized package path(s) for 1 prioritized culture(s) in 0.029549 seconds
[2019.12.26-03.10.00:922][  0]LogUObjectArray: 46750 objects as part of root set at end of initial load.
[2019.12.26-03.10.00:922][  0]LogUObjectAllocator: 8137160 out of 0 bytes used by permanent object pool.
[2019.12.26-03.10.00:922][  0]LogUObjectArray: CloseDisregardForGC: 0/0 objects in disregard for GC pool
[2019.12.26-03.10.01:111][  0]LogD3D12RHI: Creating RTPSO with 3 shaders (0 cached, 3 new) took 143.06 ms. Compile time 37.05 ms, link time 105.84 ms.
[2019.12.26-03.10.01:500][  0]LogTcpMessaging: Initializing TcpMessaging bridge
[2019.12.26-03.10.01:549][  0]LogUdpMessaging: Initializing bridge on interface 0.0.0.0:0 to multicast group 230.0.0.1:6666.
[2019.12.26-03.10.01:583][  0]SourceControl: ソースコントロールは無効です
[2019.12.26-03.10.01:583][  0]SourceControl: ソースコントロールは無効です
[2019.12.26-03.10.01:583][  0]SourceControl: ソースコントロールは無効です
[2019.12.26-03.10.01:584][  0]SourceControl: ソースコントロールは無効です
[2019.12.26-03.10.01:584][  0]SourceControl: ソースコントロールは無効です
[2019.12.26-03.10.01:661][  0]LogAndroidPermission: UAndroidPermissionCallbackProxy::GetInstance
[2019.12.26-03.10.01:667][  0]LogAudioCaptureCore: Display: No Audio Capture implementations found. Audio input will be silent.
[2019.12.26-03.10.01:667][  0]LogAudioCaptureCore: Display: No Audio Capture implementations found. Audio input will be silent.
[2019.12.26-03.10.01:728][  0]LogOcInput: OculusInput pre-init called
[2019.12.26-03.10.01:732][  0]LogWindows: Failed to load 'OVRPlugin.dll' (GetLastError=126)
[2019.12.26-03.10.01:732][  0]LogWindows: File 'OVRPlugin.dll' does not exist
[2019.12.26-03.10.01:782][  0]LogEngine: Initializing Engine...
[2019.12.26-03.10.01:783][  0]LogHMD: Failed to initialize OpenVR with code 110
[2019.12.26-03.10.01:784][  0]LogStats: UGameplayTagsManager::InitializeManager -  0.000 s
[2019.12.26-03.10.02:050][  0]LogInit: Initializing FReadOnlyCVARCache
[2019.12.26-03.10.02:055][  0]LogAIModule: Creating AISystem for world Untitled
[2019.12.26-03.10.02:058][  0]LogAudioMixer: Display: Audio Mixer Platform Settings:
[2019.12.26-03.10.02:058][  0]LogAudioMixer: Display: 	Sample Rate:						  48000
[2019.12.26-03.10.02:058][  0]LogAudioMixer: Display: 	Callback Buffer Frame Size Requested: 1024
[2019.12.26-03.10.02:058][  0]LogAudioMixer: Display: 	Callback Buffer Frame Size To Use:	  1024
[2019.12.26-03.10.02:058][  0]LogAudioMixer: Display: 	Number of buffers to queue:			  2
[2019.12.26-03.10.02:058][  0]LogAudioMixer: Display: 	Max Channels (voices):				  32
[2019.12.26-03.10.02:058][  0]LogAudioMixer: Display: 	Number of Async Source Workers:		  0
[2019.12.26-03.10.02:058][  0]LogAudio: Display: AudioDevice MaxSources: 32
[2019.12.26-03.10.02:059][  0]LogAudio: Display: Using built-in audio occlusion.
[2019.12.26-03.10.02:059][  0]LogAudioMixer: Display: Initializing audio mixer.
[2019.12.26-03.10.02:091][  0]LogAudioMixer: Display: Audio Device Output Speaker Info:
[2019.12.26-03.10.02:091][  0]LogAudioMixer: Display: Name: ライン (Steinberg UR22mkII )
[2019.12.26-03.10.02:091][  0]LogAudioMixer: Display: Is Default: Yes
[2019.12.26-03.10.02:091][  0]LogAudioMixer: Display: Sample Rate: 44100
[2019.12.26-03.10.02:091][  0]LogAudioMixer: Display: Channel Count Used: 2
[2019.12.26-03.10.02:091][  0]LogAudioMixer: Display: Device Channel Count: 2
[2019.12.26-03.10.02:091][  0]LogAudioMixer: Display: Channel Order:
[2019.12.26-03.10.02:091][  0]LogAudioMixer: Display: 0: FrontLeft
[2019.12.26-03.10.02:091][  0]LogAudioMixer: Display: 1: FrontRight
[2019.12.26-03.10.02:100][  0]LogAudioMixer: Display: Using Audio Device ライン (Steinberg UR22mkII )
[2019.12.26-03.10.02:104][  0]LogInit: FAudioDevice initialized.
[2019.12.26-03.10.02:105][  0]LogNetVersion: Set ProjectVersion to 1.0.0.0. Version Checksum will be recalculated on next use.
[2019.12.26-03.10.02:507][  0]LogDerivedDataCache: Saved boot cache 0.40s 112MB C:/Users/soumaru/AppData/Local/UnrealEngine/4.24/DerivedDataCache/Boot.ddc.
[2019.12.26-03.10.02:516][  0]LogInit: Texture streaming: Enabled
[2019.12.26-03.10.02:522][  0]LogEngineSessionManager: EngineSessionManager initialized
[2019.12.26-03.10.02:522][  0]LogEditorSessionSummary: Verbose: Initializing EditorSessionSummaryWriter for editor session tracking
[2019.12.26-03.10.02:523][  0]LogEditorSessionSummary: EditorSessionSummaryWriter initialized
[2019.12.26-03.10.02:541][  0]LogInit: Transaction tracking system initialized
[2019.12.26-03.10.02:547][  0]BlueprintLog: New page: エディタの読み込み
[2019.12.26-03.10.02:589][  0]LocalizationService: ローカライズのサービスが無効になりました
[2019.12.26-03.10.03:156][  0]LogFileCache: Scanning file cache for directory 'W:/Unreal_engine_project/GitHub/Project_Soldier/Content/' took 0.00s
[2019.12.26-03.10.03:156][  0]LogCook: Display: Max memory allowance for cook 16384mb min free memory 0mb
[2019.12.26-03.10.03:156][  0]LogCook: Display: Mobile HDR setting 1
[2019.12.26-03.10.03:600][  0]SourceControl: ソースコントロールは無効です
[2019.12.26-03.10.03:600][  0]Cmd: MAP LOAD FILE="../../../../../Unreal_engine_project/GitHub/Project_Soldier/Content/ThirdPersonBP/Maps/ThirdPersonExampleMap.umap" TEMPLATE=0 SHOWPROGRESS=1 FEATURELEVEL=3
[2019.12.26-03.10.03:600][  0]LightingResults: New page: ライティングのビルド
[2019.12.26-03.10.03:600][  0]LogWorld: UWorld::CleanupWorld for Untitled, bSessionEnded=true, bCleanupResources=true
[2019.12.26-03.10.03:600][  0]LogSlate: InvalidateAllWidgets triggered.  All widgets were invalidated
[2019.12.26-03.10.03:600][  0]MapCheck: New page: マップをチェック
[2019.12.26-03.10.03:600][  0]LightingResults: New page: <何も選択されていません>
[2019.12.26-03.10.03:625][  0]LogUObjectHash: Compacting FUObjectHashTables data took   1.59ms
[2019.12.26-03.10.05:496][  0]LogAIModule: Creating AISystem for world ThirdPersonExampleMap
[2019.12.26-03.10.05:680][  0]LogEditorServer: Finished looking for orphan Actors (0.000 secs)
[2019.12.26-03.10.06:244][  0]LogUObjectHash: Compacting FUObjectHashTables data took   1.81ms
[2019.12.26-03.10.06:244][  0]Cmd: MAP CHECKDEP NOCLEARLOG
[2019.12.26-03.10.06:245][  0]MapCheck: マップチェックが完了: 0 エラー、 0 警告、完了に 0.064ミリ秒かかりました。
[2019.12.26-03.10.06:245][  0]LogFileHelpers: Loading map 'ThirdPersonExampleMap' took 2.645
[2019.12.26-03.10.06:929][  0]LogSlate: Updating window title bar state: overlay mode, drag disabled, window buttons hidden, title bar hidden
[2019.12.26-03.10.06:935][  0]LogSlate: Updating window title bar state: overlay mode, drag disabled, window buttons hidden, title bar hidden
[2019.12.26-03.10.06:940][  0]LogSlate: Updating window title bar state: overlay mode, drag disabled, window buttons hidden, title bar hidden
[2019.12.26-03.10.06:945][  0]LogSlate: Updating window title bar state: overlay mode, drag disabled, window buttons hidden, title bar hidden
[2019.12.26-03.10.07:852][  0]LogCollectionManager: Loaded 0 collections in 0.000539 seconds
[2019.12.26-03.10.07:933][  0]LogFileCache: Scanning file cache for directory 'W:/Unreal_engine_project/GitHub/Project_Soldier/Saved/Collections/' took 0.00s
[2019.12.26-03.10.07:933][  0]LogFileCache: Scanning file cache for directory 'W:/Unreal_engine_project/GitHub/Project_Soldier/Content/Developers/soumaru/Collections/' took 0.00s
[2019.12.26-03.10.07:933][  0]LogFileCache: Scanning file cache for directory 'W:/Unreal_engine_project/GitHub/Project_Soldier/Content/Collections/' took 0.00s
[2019.12.26-03.10.07:933][  0]LogContentBrowser: Native class hierarchy populated in 0.0066 seconds. Added 3017 classes and 720 folders.
[2019.12.26-03.10.07:965][  0]LogContentBrowser: Native class hierarchy updated for 'WidgetCarousel' in 0.0002 seconds. Added 0 classes and 0 folders.
[2019.12.26-03.10.07:990][  0]LogContentBrowser: Native class hierarchy updated for 'AddContentDialog' in 0.0002 seconds. Added 0 classes and 0 folders.
[2019.12.26-03.10.08:210][  0]LogSlate: Took 0.000108 seconds to synchronously load lazily loaded font '../../../Engine/Content/Slate/Fonts/Roboto-Regular.ttf' (155K)
[2019.12.26-03.10.08:211][  0]LogSlate: Took 0.000219 seconds to synchronously load lazily loaded font '../../../Engine/Content/Editor/Slate/Fonts/GenEiGothicPro-Regular.otf' (707K)
[2019.12.26-03.10.08:212][  0]LogSlate: Took 0.000175 seconds to synchronously load lazily loaded font '../../../Engine/Content/Editor/Slate/Fonts/GenEiGothicPro-Bold.otf' (698K)
[2019.12.26-03.10.08:213][  0]LogSlate: Took 0.000076 seconds to synchronously load lazily loaded font '../../../Engine/Content/Slate/Fonts/Roboto-Bold.ttf' (160K)
[2019.12.26-03.10.08:246][  0]LogSlate: Took 0.009736 seconds to synchronously load lazily loaded font '../../../Engine/Content/Editor/Slate/Fonts/FontAwesome.ttf' (139K)
[2019.12.26-03.10.08:339][  0]LogSlate: Took 0.040041 seconds to synchronously load lazily loaded font '../../../Engine/Content/Slate/Fonts/DroidSansMono.ttf' (77K)
[2019.12.26-03.10.08:368][  0]LogSlate: Took 0.000241 seconds to synchronously load lazily loaded font '../../../Engine/Content/Editor/Slate/Fonts/GenEiGothicPro-SemiBold.otf' (703K)
[2019.12.26-03.10.08:403][  0]LogSlate: Took 0.034146 seconds to synchronously load lazily loaded font '../../../Engine/Content/Editor/Slate/Fonts/GenEiGothicPro-Heavy.otf' (704K)
[2019.12.26-03.10.08:403][  0]LogSlate: Took 0.000177 seconds to synchronously load lazily loaded font '../../../Engine/Content/Editor/Slate/Fonts/GenEiGothicPro-Light.otf' (713K)
[2019.12.26-03.10.08:632][  0]LogRenderer: Reallocating scene render targets to support 1916x932 Format 10 NumSamples 1 (Frame:1).
[2019.12.26-03.10.08:987][  0]LogD3D12RHI: Creating RTPSO with 88 shaders (0 cached, 88 new) took 143.73 ms. Compile time 134.13 ms, link time 9.47 ms.
[2019.12.26-03.10.10:590][  0]LogContentBrowser: Native class hierarchy updated for 'HierarchicalLODOutliner' in 0.0002 seconds. Added 0 classes and 0 folders.
[2019.12.26-03.10.10:590][  0]LogLoad: (Engine Initialization) Total time: 13.58 seconds
[2019.12.26-03.10.10:590][  0]LogLoad: (Engine Initialization) Total Blueprint compile time: 0.00 seconds
[2019.12.26-03.10.10:654][  0]LogContentStreaming: Texture pool size now 1000 MB
[2019.12.26-03.10.10:706][  0]LogSlate: Took 0.000106 seconds to synchronously load lazily loaded font '../../../Engine/Content/Slate/Fonts/Roboto-Light.ttf' (167K)
[2019.12.26-03.10.14:184][214]LogEditorViewport: Clicking on Actor (LMB): StaticMeshActor (Wall7)
[2019.12.26-03.10.15:658][216]LogD3D12RHI: Creating RTPSO with 92 shaders (89 cached, 3 new) took 256.59 ms. Compile time 252.58 ms, link time 3.86 ms.
[2019.12.26-03.10.17:717][359]LogAssetRegistry: Asset discovery search completed in 18.2001 seconds
[2019.12.26-03.10.17:721][359]LogCollectionManager: Fixed up redirectors for 0 collections in 0.000008 seconds (updated 0 objects)
[2019.12.26-03.26.15:695][130]Cmd: CLOSE_SLATE_MAINFRAME
[2019.12.26-03.26.16:347][130]LogUObjectHash: Compacting FUObjectHashTables data took   0.71ms
[2019.12.26-03.26.16:450][130]LogSlate: Window '' being destroyed
[2019.12.26-03.26.16:505][130]LogSlate: Window '' being destroyed
[2019.12.26-03.26.16:508][130]LogSlate: Window '' being destroyed
[2019.12.26-03.26.16:509][130]LogSlate: Window '' being destroyed
[2019.12.26-03.26.16:542][130]LogSlate: Window '' being destroyed
[2019.12.26-03.26.16:545][130]LogSlate: Window 'Project_Soldier - Unreal Editor' being destroyed
[2019.12.26-03.26.16:547][130]LogWindowsTextInputMethodSystem: Display: IME system now activated using TSF (Microsoft IME).
[2019.12.26-03.26.16:714][131]Cmd: QUIT_EDITOR
[2019.12.26-03.26.16:714][131]LogCore: Engine exit requested (reason: UUnrealEdEngine::CloseEditor())
[2019.12.26-03.26.16:721][131]LogCore: Engine exit requested (reason: EngineExit() was called; note: exit was already requested)
[2019.12.26-03.26.16:721][131]LogAudioMixer: Display: No commands were queued while flushing the source manager.
[2019.12.26-03.26.16:742][131]LogExit: Preparing to exit.
[2019.12.26-03.26.16:921][131]LogWorld: UWorld::CleanupWorld for World_1, bSessionEnded=true, bCleanupResources=true
[2019.12.26-03.26.16:921][131]LogWorld: UWorld::CleanupWorld for World_0, bSessionEnded=true, bCleanupResources=true
[2019.12.26-03.26.16:940][131]LogWorld: UWorld::CleanupWorld for None, bSessionEnded=true, bCleanupResources=true
[2019.12.26-03.26.16:940][131]LogExit: Editor shut down
[2019.12.26-03.26.16:941][131]LogExit: Transaction tracking system shut down
[2019.12.26-03.26.16:942][131]LogDemo: Cleaned up 0 splitscreen connections with owner deletion
[2019.12.26-03.26.17:126][131]LogExit: Object subsystem successfully closed.
[2019.12.26-03.26.17:146][131]LogShaderCompilers: Display: Shaders left to compile 0
[2019.12.26-03.26.17:154][131]LogModuleManager: Shutting down and abandoning module HierarchicalLODOutliner (698)
[2019.12.26-03.26.17:154][131]LogModuleManager: Shutting down and abandoning module AddContentDialog (696)
[2019.12.26-03.26.17:155][131]LogModuleManager: Shutting down and abandoning module WidgetCarousel (695)
[2019.12.26-03.26.17:155][131]LogModuleManager: Shutting down and abandoning module EditorWidgets (692)
[2019.12.26-03.26.17:155][131]LogModuleManager: Shutting down and abandoning module CollectionManager (690)
[2019.12.26-03.26.17:155][131]LogModuleManager: Shutting down and abandoning module SceneOutliner (688)
[2019.12.26-03.26.17:155][131]LogModuleManager: Shutting down and abandoning module StatsViewer (686)
[2019.12.26-03.26.17:155][131]LogModuleManager: Shutting down and abandoning module VirtualTexturingEditor (684)
[2019.12.26-03.26.17:155][131]LogModuleManager: Shutting down and abandoning module FoliageEdit (682)
[2019.12.26-03.26.17:155][131]LogModuleManager: Shutting down and abandoning module LandscapeEditor (680)
[2019.12.26-03.26.17:156][131]LogModuleManager: Shutting down and abandoning module MeshPaintMode (678)
[2019.12.26-03.26.17:156][131]LogModuleManager: Shutting down and abandoning module SceneDepthPickerMode (676)
[2019.12.26-03.26.17:156][131]LogModuleManager: Shutting down and abandoning module ActorPickerMode (674)
[2019.12.26-03.26.17:156][131]LogModuleManager: Shutting down and abandoning module GeometryMode (672)
[2019.12.26-03.26.17:156][131]LogModuleManager: Shutting down and abandoning module TextureAlignMode (670)
[2019.12.26-03.26.17:156][131]LogModuleManager: Shutting down and abandoning module BspMode (668)
[2019.12.26-03.26.17:156][131]LogModuleManager: Shutting down and abandoning module PIEPreviewDeviceProfileSelector (666)
[2019.12.26-03.26.17:156][131]LogModuleManager: Shutting down and abandoning module SequenceRecorderSections (664)
[2019.12.26-03.26.17:156][131]LogModuleManager: Shutting down and abandoning module AutomationWorker (662)
[2019.12.26-03.26.17:156][131]LogModuleManager: Shutting down and abandoning module SteamVREditor (660)
[2019.12.26-03.26.17:156][131]LogModuleManager: Shutting down and abandoning module OculusMR (658)
[2019.12.26-03.26.17:156][131]LogModuleManager: Shutting down and abandoning module AudioCaptureEditor (656)
[2019.12.26-03.26.17:156][131]LogModuleManager: Shutting down and abandoning module MatineeToLevelSequence (654)
[2019.12.26-03.26.17:156][131]LogModuleManager: Shutting down and abandoning module LevelSequenceEditor (652)
[2019.12.26-03.26.17:156][131]LogModuleManager: Shutting down and abandoning module PlacementMode (651)
[2019.12.26-03.26.17:156][131]LogModuleManager: Shutting down and abandoning module MaterialEditor (650)
[2019.12.26-03.26.17:156][131]LogModuleManager: Shutting down and abandoning module ActorSequenceEditor (646)
[2019.12.26-03.26.17:156][131]LogModuleManager: Shutting down and abandoning module WmfMediaFactory (644)
[2019.12.26-03.26.17:156][131]LogModuleManager: Shutting down and abandoning module WmfMediaEditor (642)
[2019.12.26-03.26.17:156][131]LogModuleManager: Shutting down and abandoning module WebMMediaFactory (640)
[2019.12.26-03.26.17:156][131]LogModuleManager: Shutting down and abandoning module WebMMediaEditor (638)
[2019.12.26-03.26.17:156][131]LogModuleManager: Shutting down and abandoning module WebMMedia (636)
[2019.12.26-03.26.17:156][131]LogModuleManager: Shutting down and abandoning module MediaPlayerEditor (634)
[2019.12.26-03.26.17:156][131]LogModuleManager: Shutting down and abandoning module MediaCompositingEditor (632)
[2019.12.26-03.26.17:156][131]LogModuleManager: Shutting down and abandoning module SequenceRecorder (631)
[2019.12.26-03.26.17:156][131]LogModuleManager: Shutting down and abandoning module OpenExrWrapper (628)
[2019.12.26-03.26.17:156][131]LogModuleManager: Shutting down and abandoning module ImgMediaFactory (626)
[2019.12.26-03.26.17:156][131]LogModuleManager: Shutting down and abandoning module ImgMediaEditor (624)
[2019.12.26-03.26.17:156][131]LogModuleManager: Shutting down and abandoning module AvfMediaFactory (622)
[2019.12.26-03.26.17:156][131]LogModuleManager: Shutting down and abandoning module AvfMediaEditor (620)
[2019.12.26-03.26.17:156][131]LogModuleManager: Shutting down and abandoning module AndroidMediaFactory (618)
[2019.12.26-03.26.17:156][131]LogModuleManager: Shutting down and abandoning module AndroidMediaEditor (616)
[2019.12.26-03.26.17:156][131]LogModuleManager: Shutting down and abandoning module MagicLeapMediaCodecFactory (614)
[2019.12.26-03.26.17:156][131]LogModuleManager: Shutting down and abandoning module MagicLeapMediaFactory (612)
[2019.12.26-03.26.17:156][131]LogModuleManager: Shutting down and abandoning module MagicLeapMediaEditor (610)
[2019.12.26-03.26.17:156][131]LogModuleManager: Shutting down and abandoning module CharacterAI (608)
[2019.12.26-03.26.17:156][131]LogModuleManager: Shutting down and abandoning module SmartSnapping (606)
[2019.12.26-03.26.17:156][131]LogModuleManager: Shutting down and abandoning module SessionServices (604)
[2019.12.26-03.26.17:156][131]LogModuleManager: Shutting down and abandoning module MeshPaint (602)
[2019.12.26-03.26.17:156][131]LogModuleManager: Shutting down and abandoning module ViewportSnapping (600)
[2019.12.26-03.26.17:156][131]LogModuleManager: Shutting down and abandoning module ViewportInteraction (598)
[2019.12.26-03.26.17:156][131]LogModuleManager: Shutting down and abandoning module ClothPainter (596)
[2019.12.26-03.26.17:156][131]LogModuleManager: Shutting down and abandoning module SkeletalMeshEditor (595)
[2019.12.26-03.26.17:156][131]LogModuleManager: Shutting down and abandoning module LogVisualizer (592)
[2019.12.26-03.26.17:156][131]LogModuleManager: Shutting down and abandoning module IntroTutorials (590)
[2019.12.26-03.26.17:156][131]LogModuleManager: Shutting down and abandoning module GameProjectGeneration (589)
[2019.12.26-03.26.17:156][131]LogModuleManager: Shutting down and abandoning module LuminPlatformEditor (586)
[2019.12.26-03.26.17:156][131]LogModuleManager: Shutting down and abandoning module IOSPlatformEditor (584)
[2019.12.26-03.26.17:157][131]LogModuleManager: Shutting down and abandoning module AndroidPlatformEditor (582)
[2019.12.26-03.26.17:157][131]LogModuleManager: Shutting down and abandoning module AndroidDeviceDetection (581)
[2019.12.26-03.26.17:911][131]LogModuleManager: Shutting down and abandoning module WindowsPlatformEditor (578)
[2019.12.26-03.26.17:911][131]LogModuleManager: Shutting down and abandoning module LuminRuntimeSettings (576)
[2019.12.26-03.26.17:911][131]LogModuleManager: Shutting down and abandoning module IOSRuntimeSettings (574)
[2019.12.26-03.26.17:911][131]LogModuleManager: Shutting down and abandoning module AndroidRuntimeSettings (572)
[2019.12.26-03.26.17:911][131]LogModuleManager: Shutting down and abandoning module EditorInteractiveToolsFramework (570)
[2019.12.26-03.26.17:911][131]LogModuleManager: Shutting down and abandoning module TimeManagementEditor (568)
[2019.12.26-03.26.17:911][131]LogModuleManager: Shutting down and abandoning module InputBindingEditor (566)
[2019.12.26-03.26.17:911][131]LogModuleManager: Shutting down and abandoning module MergeActors (564)
[2019.12.26-03.26.17:911][131]LogModuleManager: Shutting down and abandoning module LocalizationDashboard (562)
[2019.12.26-03.26.17:911][131]LogModuleManager: Shutting down and abandoning module LocalizationService (561)
[2019.12.26-03.26.17:911][131]LogModuleManager: Shutting down and abandoning module HardwareTargeting (558)
[2019.12.26-03.26.17:911][131]LogModuleManager: Shutting down and abandoning module DeviceProfileEditor (556)
[2019.12.26-03.26.17:911][131]LogModuleManager: Shutting down and abandoning module UndoHistory (554)
[2019.12.26-03.26.17:911][131]LogModuleManager: Shutting down and abandoning module XmlParser (552)
[2019.12.26-03.26.17:911][131]LogModuleManager: Shutting down and abandoning module Blutility (550)
[2019.12.26-03.26.17:911][131]LogModuleManager: Shutting down and abandoning module ProjectSettingsViewer (548)
[2019.12.26-03.26.17:911][131]LogModuleManager: Shutting down and abandoning module ProjectTargetPlatformEditor (547)
[2019.12.26-03.26.17:911][131]LogModuleManager: Shutting down and abandoning module EditorSettingsViewer (544)
[2019.12.26-03.26.17:911][131]LogModuleManager: Shutting down and abandoning module SettingsEditor (542)
[2019.12.26-03.26.17:911][131]LogModuleManager: Shutting down and abandoning module ProjectLauncher (540)
[2019.12.26-03.26.17:911][131]LogModuleManager: Shutting down and abandoning module SessionFrontend (538)
[2019.12.26-03.26.17:911][131]LogModuleManager: Shutting down and abandoning module ProfilerClient (536)
[2019.12.26-03.26.17:911][131]LogModuleManager: Shutting down and abandoning module DeviceManager (534)
[2019.12.26-03.26.17:911][131]LogModuleManager: Shutting down and abandoning module TargetDeviceServices (533)
[2019.12.26-03.26.17:942][131]LogModuleManager: Shutting down and abandoning module AutomationController (530)
[2019.12.26-03.26.17:942][131]LogModuleManager: Shutting down and abandoning module AutomationWindow (528)
[2019.12.26-03.26.17:942][131]LogModuleManager: Shutting down and abandoning module Layers (526)
[2019.12.26-03.26.17:942][131]LogModuleManager: Shutting down and abandoning module ComponentVisualizers (524)
[2019.12.26-03.26.17:942][131]LogModuleManager: Shutting down and abandoning module DetailCustomizations (522)
[2019.12.26-03.26.17:942][131]LogModuleManager: Shutting down and abandoning module PackagesDialog (520)
[2019.12.26-03.26.17:942][131]LogModuleManager: Shutting down and abandoning module AnimationBlueprintEditor (518)
[2019.12.26-03.26.17:942][131]LogModuleManager: Shutting down and abandoning module Persona (516)
[2019.12.26-03.26.17:942][131]LogModuleManager: Shutting down and abandoning module AdvancedPreviewScene (515)
[2019.12.26-03.26.17:942][131]LogModuleManager: Shutting down and abandoning module AnimGraph (513)
[2019.12.26-03.26.17:942][131]LogModuleManager: Shutting down and abandoning module Kismet (510)
[2019.12.26-03.26.17:943][131]LogModuleManager: Shutting down and abandoning module KismetWidgets (509)
[2019.12.26-03.26.17:943][131]LogModuleManager: Shutting down and abandoning module GraphEditor (506)
[2019.12.26-03.26.17:943][131]LogModuleManager: Shutting down and abandoning module StructViewer (504)
[2019.12.26-03.26.17:943][131]LogModuleManager: Shutting down and abandoning module ClassViewer (502)
[2019.12.26-03.26.17:943][131]LogModuleManager: Shutting down and abandoning module Toolbox (500)
[2019.12.26-03.26.17:943][131]LogModuleManager: Shutting down and abandoning module ModuleUI (498)
[2019.12.26-03.26.17:943][131]LogModuleManager: Shutting down and abandoning module OutputLog (496)
[2019.12.26-03.26.17:943][131]LogModuleManager: Shutting down and abandoning module GammaUI (494)
[2019.12.26-03.26.17:943][131]LogModuleManager: Shutting down and abandoning module Documentation (492)
[2019.12.26-03.26.17:943][131]LogModuleManager: Shutting down and abandoning module ToolMenus (490)
[2019.12.26-03.26.17:943][131]LogModuleManager: Shutting down and abandoning module LiveCoding (488)
[2019.12.26-03.26.17:943][131]LogModuleManager: Shutting down and abandoning module LevelSequence (486)
[2019.12.26-03.26.17:943][131]LogModuleManager: Shutting down and abandoning module MovieSceneTracks (484)
[2019.12.26-03.26.17:943][131]LogModuleManager: Shutting down and abandoning module MovieScene (482)
[2019.12.26-03.26.17:943][131]LogModuleManager: Shutting down and abandoning module StreamingPauseRendering (480)
[2019.12.26-03.26.17:943][131]LogModuleManager: Shutting down and abandoning module LauncherPlatform (478)
[2019.12.26-03.26.17:943][131]LogModuleManager: Shutting down and abandoning module AnalyticsET (476)
[2019.12.26-03.26.17:943][131]LogModuleManager: Shutting down and abandoning module PortalServices (474)
[2019.12.26-03.26.17:943][131]LogModuleManager: Shutting down and abandoning module PortalRpc (472)
[2019.12.26-03.26.17:943][131]LogModuleManager: Shutting down and abandoning module MessagingRpc (470)
[2019.12.26-03.26.17:943][131]LogModuleManager: Shutting down and abandoning module AudioMixerXAudio2 (468)
[2019.12.26-03.26.17:943][131]LogModuleManager: Shutting down and abandoning module AIModule (466)
[2019.12.26-03.26.17:943][131]LogModuleManager: Shutting down and abandoning module GameplayDebugger (465)
[2019.12.26-03.26.17:943][131]LogModuleManager: Shutting down and abandoning module AITestSuite (463)
[2019.12.26-03.26.17:943][131]LogModuleManager: Shutting down and abandoning module NavigationSystem (461)
[2019.12.26-03.26.17:943][131]LogModuleManager: Shutting down and abandoning module ImageWriteQueue (458)
[2019.12.26-03.26.17:946][131]LogModuleManager: Shutting down and abandoning module ProfilerService (456)
[2019.12.26-03.26.18:014][131]LogModuleManager: Shutting down and abandoning module TaskGraph (454)
[2019.12.26-03.26.18:014][131]LogModuleManager: Shutting down and abandoning module ScreenshotTools (452)
[2019.12.26-03.26.18:014][131]LogModuleManager: Shutting down and abandoning module ProceduralMeshComponentEditor (450)
[2019.12.26-03.26.18:014][131]LogModuleManager: Shutting down and abandoning module ProceduralMeshComponent (448)
[2019.12.26-03.26.18:014][131]LogModuleManager: Shutting down and abandoning module OculusEditor (446)
[2019.12.26-03.26.18:014][131]LogModuleManager: Shutting down and abandoning module OculusInput (444)
[2019.12.26-03.26.18:014][131]LogModuleManager: Shutting down and abandoning module MobilePatchingUtils (442)
[2019.12.26-03.26.18:014][131]LogModuleManager: Shutting down and abandoning module EditableMesh (440)
[2019.12.26-03.26.18:014][131]LogModuleManager: Shutting down and abandoning module CustomMeshComponent (438)
[2019.12.26-03.26.18:014][131]LogModuleManager: Shutting down and abandoning module CableComponent (436)
[2019.12.26-03.26.18:014][131]LogModuleManager: Shutting down and abandoning module AudioCapture (434)
[2019.12.26-03.26.18:014][131]LogModuleManager: Shutting down and abandoning module AudioCaptureRtAudio (433)
[2019.12.26-03.26.18:014][131]LogModuleManager: Shutting down and abandoning module AssetTags (430)
[2019.12.26-03.26.18:014][131]LogModuleManager: Shutting down and abandoning module ArchVisCharacter (428)
[2019.12.26-03.26.18:014][131]LogModuleManager: Shutting down and abandoning module AppleImageUtilsBlueprintSupport (426)
[2019.12.26-03.26.18:014][131]LogModuleManager: Shutting down and abandoning module AppleImageUtils (424)
[2019.12.26-03.26.18:014][131]LogModuleManager: Shutting down and abandoning module AndroidPermission (422)
[2019.12.26-03.26.18:014][131]LogModuleManager: Shutting down and abandoning module NUTUnrealEngine4 (420)
[2019.12.26-03.26.18:014][131]LogModuleManager: Shutting down and abandoning module NetcodeUnitTest (418)
[2019.12.26-03.26.18:014][131]LogModuleManager: Shutting down and abandoning module MediaCompositing (416)
[2019.12.26-03.26.18:014][131]LogModuleManager: Shutting down and abandoning module ImgMedia (414)
[2019.12.26-03.26.18:014][131]LogModuleManager: Shutting down and abandoning module MagicLeapHelperVulkan (412)
[2019.12.26-03.26.18:014][131]LogModuleManager: Shutting down and abandoning module MagicLeapHelperOpenGL (410)
[2019.12.26-03.26.18:014][131]LogModuleManager: Shutting down and abandoning module MagicLeapAudio (408)
[2019.12.26-03.26.18:014][131]LogModuleManager: Shutting down and abandoning module GeometryCacheTracks (406)
[2019.12.26-03.26.18:014][131]LogModuleManager: Shutting down and abandoning module GeometryCacheSequencer (404)
[2019.12.26-03.26.18:014][131]LogModuleManager: Shutting down and abandoning module BackChannel (402)
[2019.12.26-03.26.18:014][131]LogModuleManager: Shutting down and abandoning module AutomationUtilsEditor (400)
[2019.12.26-03.26.18:014][131]LogModuleManager: Shutting down and abandoning module AutomationUtils (398)
[2019.12.26-03.26.18:014][131]LogModuleManager: Shutting down and abandoning module AlembicImporter (396)
[2019.12.26-03.26.18:014][131]LogModuleManager: Shutting down and abandoning module AlembicLibrary (395)
[2019.12.26-03.26.18:014][131]LogModuleManager: Shutting down and abandoning module GeometryCache (394)
[2019.12.26-03.26.18:014][131]LogModuleManager: Shutting down and abandoning module GeometryCacheEd (393)
[2019.12.26-03.26.18:014][131]LogModuleManager: Shutting down and abandoning module VariantManagerContentEditor (388)
[2019.12.26-03.26.18:014][131]LogModuleManager: Shutting down and abandoning module DatasmithContentEditor (386)
[2019.12.26-03.26.18:014][131]LogModuleManager: Shutting down and abandoning module SpeedTreeImporter (384)
[2019.12.26-03.26.18:014][131]LogModuleManager: Shutting down and abandoning module PluginBrowser (382)
[2019.12.26-03.26.18:014][131]LogModuleManager: Shutting down and abandoning module MobileLauncherProfileWizard (380)
[2019.12.26-03.26.18:014][131]LogModuleManager: Shutting down and abandoning module MaterialAnalyzer (378)
[2019.12.26-03.26.18:014][131]LogModuleManager: Shutting down and abandoning module CurveEditorTools (376)
[2019.12.26-03.26.18:014][131]LogModuleManager: Shutting down and abandoning module CryptoKeysOpenSSL (374)
[2019.12.26-03.26.18:014][131]LogModuleManager: Shutting down and abandoning module CryptoKeys (372)
[2019.12.26-03.26.18:014][131]LogModuleManager: Shutting down and abandoning module VisualStudioSourceCodeAccess (370)
[2019.12.26-03.26.18:014][131]LogModuleManager: Shutting down and abandoning module VisualStudioCodeSourceCodeAccess (368)
[2019.12.26-03.26.18:015][131]LogModuleManager: Shutting down and abandoning module UObjectPlugin (366)
[2019.12.26-03.26.18:015][131]LogModuleManager: Shutting down and abandoning module SubversionSourceControl (364)
[2019.12.26-03.26.18:015][131]LogModuleManager: Shutting down and abandoning module PlasticSourceControl (362)
[2019.12.26-03.26.18:015][131]LogModuleManager: Shutting down and abandoning module PerforceSourceControl (360)
[2019.12.26-03.26.18:015][131]LogModuleManager: Shutting down and abandoning module GitSourceControl (358)
[2019.12.26-03.26.18:015][131]LogModuleManager: Shutting down and abandoning module SourceControl (357)
[2019.12.26-03.26.18:015][131]LogModuleManager: Shutting down and abandoning module CLionSourceCodeAccess (354)
[2019.12.26-03.26.18:015][131]LogModuleManager: Shutting down and abandoning module AnimationSharingEd (352)
[2019.12.26-03.26.18:015][131]LogModuleManager: Shutting down and abandoning module ActorLayerUtilitiesEditor (350)
[2019.12.26-03.26.18:015][131]LogModuleManager: Shutting down and abandoning module ActorLayerUtilities (348)
[2019.12.26-03.26.18:015][131]LogModuleManager: Shutting down and abandoning module LightPropagationVolumeEditor (346)
[2019.12.26-03.26.18:015][131]LogModuleManager: Shutting down and abandoning module PaperTiledImporter (344)
[2019.12.26-03.26.18:015][131]LogModuleManager: Shutting down and abandoning module PaperSpriteSheetImporter (342)
[2019.12.26-03.26.18:015][131]LogModuleManager: Shutting down and abandoning module Paper2DEditor (340)
[2019.12.26-03.26.18:015][131]LogModuleManager: Shutting down and abandoning module SignificanceManager (338)
[2019.12.26-03.26.18:015][131]LogModuleManager: Shutting down and abandoning module RuntimePhysXCooking (336)
[2019.12.26-03.26.18:015][131]LogModuleManager: Shutting down and abandoning module PhysXVehiclesEditor (334)
[2019.12.26-03.26.18:015][131]LogModuleManager: Shutting down and abandoning module LocationServicesBPLibrary (330)
[2019.12.26-03.26.18:015][131]LogModuleManager: Shutting down and abandoning module ActorSequence (328)
[2019.12.26-03.26.18:015][131]LogModuleManager: Shutting down and abandoning module UdpMessaging (326)
[2019.12.26-03.26.18:116][131]LogModuleManager: Shutting down and abandoning module TcpMessaging (324)
[2019.12.26-03.26.18:216][131]LogModuleManager: Shutting down and abandoning module MagicLeapPrivileges (322)
[2019.12.26-03.26.18:216][131]LogModuleManager: Shutting down and abandoning module MagicLeapPlanes (320)
[2019.12.26-03.26.18:216][131]LogMagicLeapPlanes: Planes tracker already destroyed.
[2019.12.26-03.26.18:216][131]LogModuleManager: Shutting down and abandoning module MagicLeapIdentity (318)
[2019.12.26-03.26.18:216][131]LogModuleManager: Shutting down and abandoning module MagicLeapSecureStorage (316)
[2019.12.26-03.26.18:216][131]LogModuleManager: Shutting down and abandoning module MagicLeapImageTracker (314)
[2019.12.26-03.26.18:216][131]LogModuleManager: Shutting down and abandoning module MagicLeapHandTracking (312)
[2019.12.26-03.26.18:216][131]LogModuleManager: Shutting down and abandoning module MagicLeapHandMeshing (310)
[2019.12.26-03.26.18:216][131]LogModuleManager: Shutting down and abandoning module MagicLeapEyeTracker (308)
[2019.12.26-03.26.18:216][131]LogModuleManager: Shutting down and abandoning module MagicLeapController (306)
[2019.12.26-03.26.18:216][131]LogSlate: Slate User Destroyed.  User Index 0, Is Virtual User: 0
[2019.12.26-03.26.18:216][131]LogModuleManager: Shutting down and abandoning module MagicLeapARPin (304)
[2019.12.26-03.26.18:216][131]LogModuleManager: Shutting down and abandoning module MagicLeapAR (302)
[2019.12.26-03.26.18:216][131]LogModuleManager: Shutting down and abandoning module AugmentedReality (301)
[2019.12.26-03.26.18:216][131]LogModuleManager: Shutting down and abandoning module GameplayTagsEditor (298)
[2019.12.26-03.26.18:216][131]LogModuleManager: Shutting down and abandoning module FacialAnimationEditor (296)
[2019.12.26-03.26.18:216][131]LogModuleManager: Shutting down and abandoning module FacialAnimation (294)
[2019.12.26-03.26.18:216][131]LogModuleManager: Shutting down and abandoning module DataValidation (292)
[2019.12.26-03.26.18:216][131]LogModuleManager: Shutting down and abandoning module AssetManagerEditor (290)
[2019.12.26-03.26.18:217][131]LogModuleManager: Shutting down and abandoning module LevelEditor (289)
[2019.12.26-03.26.18:217][131]LogModuleManager: Shutting down and abandoning module PixelInspectorModule (288)
[2019.12.26-03.26.18:217][131]LogModuleManager: Shutting down and abandoning module CommonMenuExtensions (286)
[2019.12.26-03.26.18:217][131]LogModuleManager: Shutting down and abandoning module MainFrame (284)
[2019.12.26-03.26.18:217][131]LogModuleManager: Shutting down and abandoning module HotReload (283)
[2019.12.26-03.26.18:217][131]LogModuleManager: Shutting down and abandoning module ContentBrowser (279)
[2019.12.26-03.26.18:218][131]LogModuleManager: Shutting down and abandoning module TreeMap (277)
[2019.12.26-03.26.18:218][131]LogModuleManager: Shutting down and abandoning module AnimationSharing (274)
[2019.12.26-03.26.18:218][131]LogModuleManager: Shutting down and abandoning module LightPropagationVolumeRuntime (272)
[2019.12.26-03.26.18:218][131]LogModuleManager: Shutting down and abandoning module Paper2D (270)
[2019.12.26-03.26.18:218][131]LogModuleManager: Shutting down and abandoning module WindowsMoviePlayer (268)
[2019.12.26-03.26.18:218][131]LogModuleManager: Shutting down and abandoning module WebMMoviePlayer (266)
[2019.12.26-03.26.18:218][131]LogModuleManager: Shutting down and abandoning module NetworkReplayStreaming (264)
[2019.12.26-03.26.18:218][131]LogModuleManager: Shutting down and abandoning module PacketHandler (262)
[2019.12.26-03.26.18:218][131]LogModuleManager: Shutting down and abandoning module ClothingSystemEditor (260)
[2019.12.26-03.26.18:218][131]LogModuleManager: Shutting down and abandoning module ClothingSystemRuntimeNv (258)
[2019.12.26-03.26.18:218][131]LogModuleManager: Shutting down and abandoning module MediaAssets (256)
[2019.12.26-03.26.18:218][131]LogModuleManager: Shutting down and abandoning module Overlay (254)
[2019.12.26-03.26.18:218][131]LogModuleManager: Shutting down and abandoning module OverlayEditor (253)
[2019.12.26-03.26.18:218][131]LogModuleManager: Shutting down and abandoning module VREditor (250)
[2019.12.26-03.26.18:218][131]LogModuleManager: Shutting down and abandoning module StringTableEditor (248)
[2019.12.26-03.26.18:218][131]LogModuleManager: Shutting down and abandoning module GameplayTasksEditor (246)
[2019.12.26-03.26.18:218][131]LogModuleManager: Shutting down and abandoning module BehaviorTreeEditor (244)
[2019.12.26-03.26.18:218][131]LogModuleManager: Shutting down and abandoning module FunctionalTesting (242)
[2019.12.26-03.26.18:218][131]LogModuleManager: Shutting down and abandoning module CollisionAnalyzer (240)
[2019.12.26-03.26.18:218][131]LogModuleManager: Shutting down and abandoning module WorkspaceMenuStructure (239)
[2019.12.26-03.26.18:218][131]LogModuleManager: Shutting down and abandoning module UMG (236)
[2019.12.26-03.26.18:218][131]LogModuleManager: Shutting down and abandoning module UMGEditor (235)
[2019.12.26-03.26.18:218][131]LogModuleManager: Shutting down and abandoning module MessageLog (233)
[2019.12.26-03.26.18:218][131]LogModuleManager: Shutting down and abandoning module SlateReflector (228)
[2019.12.26-03.26.18:218][131]LogModuleManager: Shutting down and abandoning module Slate (226)
[2019.12.26-03.26.18:218][131]LogModuleManager: Shutting down and abandoning module SlateCore (224)
[2019.12.26-03.26.18:218][131]LogModuleManager: Shutting down and abandoning module LandscapeEditorUtilities (222)
[2019.12.26-03.26.18:218][131]LogModuleManager: Shutting down and abandoning module UnrealEd (220)
[2019.12.26-03.26.18:218][131]LogModuleManager: Shutting down and abandoning module MRMesh (218)
[2019.12.26-03.26.18:218][131]LogModuleManager: Shutting down and abandoning module SourceCodeAccess (216)
[2019.12.26-03.26.18:218][131]LogModuleManager: Shutting down and abandoning module HeadMountedDisplay (214)
[2019.12.26-03.26.18:219][131]LogModuleManager: Shutting down and abandoning module XAudio2 (212)
[2019.12.26-03.26.18:219][131]LogModuleManager: Shutting down and abandoning module Networking (210)
[2019.12.26-03.26.18:219][131]LogModuleManager: Shutting down and abandoning module Core (208)
[2019.12.26-03.26.18:219][131]LogModuleManager: Shutting down and abandoning module MovieSceneTools (206)
[2019.12.26-03.26.18:219][131]LogModuleManager: Shutting down and abandoning module CurveEditor (205)
[2019.12.26-03.26.18:219][131]LogModuleManager: Shutting down and abandoning module Sequencer (203)
[2019.12.26-03.26.18:219][131]LogModuleManager: Shutting down and abandoning module EditorStyle (202)
[2019.12.26-03.26.18:219][131]LogModuleManager: Shutting down and abandoning module KismetCompiler (198)
[2019.12.26-03.26.18:219][131]LogModuleManager: Shutting down and abandoning module MeshUtilities (196)
[2019.12.26-03.26.18:219][131]LogModuleManager: Shutting down and abandoning module MeshMergeUtilities (195)
[2019.12.26-03.26.18:219][131]LogModuleManager: Shutting down and abandoning module MeshReductionInterface (194)
[2019.12.26-03.26.18:219][131]LogModuleManager: Shutting down and abandoning module MeshBoneReduction (193)
[2019.12.26-03.26.18:219][131]LogModuleManager: Shutting down and abandoning module SkeletalMeshReduction (191)
[2019.12.26-03.26.18:219][131]LogModuleManager: Shutting down and abandoning module ProxyLODMeshReduction (189)
[2019.12.26-03.26.18:219][131]LogModuleManager: Shutting down and abandoning module QuadricMeshReduction (187)
[2019.12.26-03.26.18:219][131]LogModuleManager: Shutting down and abandoning module MaterialBaking (183)
[2019.12.26-03.26.18:219][131]LogModuleManager: Shutting down and abandoning module NullInstallBundleManager (178)
[2019.12.26-03.26.18:219][131]LogModuleManager: Shutting down and abandoning module DerivedDataCache (176)
[2019.12.26-03.26.18:219][131]LogDerivedDataCache: Shutdown
[2019.12.26-03.26.18:219][131]LogModuleManager: Shutting down and abandoning module XGEController (174)
[2019.12.26-03.26.18:219][131]LogModuleManager: Shutting down and abandoning module TargetPlatform (172)
[2019.12.26-03.26.18:219][131]LogModuleManager: Shutting down and abandoning module VulkanShaderFormat (171)
[2019.12.26-03.26.18:219][131]LogModuleManager: Shutting down and abandoning module ShaderFormatVectorVM (169)
[2019.12.26-03.26.18:219][131]LogModuleManager: Shutting down and abandoning module ShaderFormatOpenGL (167)
[2019.12.26-03.26.18:219][131]LogModuleManager: Shutting down and abandoning module ShaderFormatD3D (165)
[2019.12.26-03.26.18:219][131]LogModuleManager: Shutting down and abandoning module MetalShaderFormat (163)
[2019.12.26-03.26.18:219][131]LogModuleManager: Shutting down and abandoning module TextureFormatUncompressed (161)
[2019.12.26-03.26.18:219][131]LogModuleManager: Shutting down and abandoning module TextureFormatPVR (159)
[2019.12.26-03.26.18:219][131]LogModuleManager: Shutting down and abandoning module TextureFormatDXT (157)
[2019.12.26-03.26.18:219][131]LogModuleManager: Shutting down and abandoning module TextureFormatIntelISPCTexComp (155)
[2019.12.26-03.26.18:219][131]LogModuleManager: Shutting down and abandoning module TextureFormatASTC (153)
[2019.12.26-03.26.18:219][131]LogModuleManager: Shutting down and abandoning module ImageWrapper (152)
[2019.12.26-03.26.18:219][131]LogModuleManager: Shutting down and abandoning module TextureFormatAndroid (149)
[2019.12.26-03.26.18:219][131]LogModuleManager: Shutting down and abandoning module AudioFormatOpus (147)
[2019.12.26-03.26.18:219][131]LogModuleManager: Shutting down and abandoning module AudioFormatOgg (145)
[2019.12.26-03.26.18:219][131]LogModuleManager: Shutting down and abandoning module AudioFormatADPCM (143)
[2019.12.26-03.26.18:219][131]LogModuleManager: Shutting down and abandoning module WindowsServerTargetPlatform (141)
[2019.12.26-03.26.18:219][131]LogModuleManager: Shutting down and abandoning module WindowsClientTargetPlatform (139)
[2019.12.26-03.26.18:219][131]LogModuleManager: Shutting down and abandoning module WindowsTargetPlatform (137)
[2019.12.26-03.26.18:219][131]LogModuleManager: Shutting down and abandoning module WindowsNoEditorTargetPlatform (135)
[2019.12.26-03.26.18:219][131]LogModuleManager: Shutting down and abandoning module TVOSTargetPlatform (133)
[2019.12.26-03.26.18:220][131]LogModuleManager: Shutting down and abandoning module LuminTargetPlatform (131)
[2019.12.26-03.26.18:220][131]LogModuleManager: Shutting down and abandoning module LinuxAArch64ServerTargetPlatform (129)
[2019.12.26-03.26.18:220][131]LogModuleManager: Shutting down and abandoning module LinuxAArch64ClientTargetPlatform (127)
[2019.12.26-03.26.18:220][131]LogModuleManager: Shutting down and abandoning module LinuxAArch64NoEditorTargetPlatform (125)
[2019.12.26-03.26.18:220][131]LogModuleManager: Shutting down and abandoning module LinuxServerTargetPlatform (123)
[2019.12.26-03.26.18:220][131]LogModuleManager: Shutting down and abandoning module LinuxClientTargetPlatform (121)
[2019.12.26-03.26.18:220][131]LogModuleManager: Shutting down and abandoning module LinuxNoEditorTargetPlatform (119)
[2019.12.26-03.26.18:221][131]LogModuleManager: Shutting down and abandoning module Messaging (117)
[2019.12.26-03.26.18:221][131]LogModuleManager: Shutting down and abandoning module IOSTargetPlatform (115)
[2019.12.26-03.26.18:221][131]LogModuleManager: Shutting down and abandoning module AndroidTargetPlatform (113)
[2019.12.26-03.26.18:225][131]LogModuleManager: Shutting down and abandoning module AllDesktopTargetPlatform (111)
[2019.12.26-03.26.18:225][131]LogModuleManager: Shutting down and abandoning module D3D12RHI (108)
[2019.12.26-03.26.18:225][131]LogModuleManager: Shutting down and abandoning module InputCore (106)
[2019.12.26-03.26.18:225][131]LogModuleManager: Shutting down and abandoning module Settings (104)
[2019.12.26-03.26.18:225][131]LogModuleManager: Shutting down and abandoning module DirectoryWatcher (102)
[2019.12.26-03.26.18:225][131]LogModuleManager: Shutting down and abandoning module PhysXCooking (100)
[2019.12.26-03.26.18:225][131]LogModuleManager: Shutting down and abandoning module ChaosSolvers (98)
[2019.12.26-03.26.18:225][131]LogModuleManager: Shutting down and abandoning module FieldSystemEngine (97)
[2019.12.26-03.26.18:225][131]LogModuleManager: Shutting down and abandoning module Chaos (94)
[2019.12.26-03.26.18:225][131]LogModuleManager: Shutting down and abandoning module WindowsPlatformFeatures (92)
[2019.12.26-03.26.18:225][131]LogModuleManager: Shutting down and abandoning module GameplayMediaEncoder (91)
[2019.12.26-03.26.18:225][131]LogModuleManager: Shutting down and abandoning module SteamVRInputDevice (88)
[2019.12.26-03.26.18:225][131]LogModuleManager: Shutting down and abandoning module SteamVRInput (86)
[2019.12.26-03.26.18:225][131]LogModuleManager: Shutting down and abandoning module SteamVR (84)
[2019.12.26-03.26.18:225][131]LogHMD: Freeing OpenVRDLLHandle.
[2019.12.26-03.26.18:225][131]LogModuleManager: Shutting down and abandoning module OculusHMD (82)
[2019.12.26-03.26.18:225][131]LogModuleManager: Shutting down and abandoning module ExampleDeviceProfileSelector (80)
[2019.12.26-03.26.18:225][131]LogModuleManager: Shutting down and abandoning module LauncherChunkInstaller (78)
[2019.12.26-03.26.18:225][131]LogModuleManager: Shutting down and abandoning module OnlineBlueprintSupport (76)
[2019.12.26-03.26.18:225][131]LogModuleManager: Shutting down and abandoning module OnlineSubsystem (72)
[2019.12.26-03.26.18:226][131]LogModuleManager: Shutting down and abandoning module XMPP (67)
[2019.12.26-03.26.18:226][131]LogModuleManager: Shutting down and abandoning module WebSockets (66)
[2019.12.26-03.26.18:256][131]LogModuleManager: Shutting down and abandoning module HTTP (63)
[2019.12.26-03.26.18:256][131]LogHttp: Display: Http module shutting down, but needs to wait on 1 outstanding Http requests:
[2019.12.26-03.26.18:256][131]LogHttp: Display: 	verb=[POST] url=[https://datarouter.ol.epicgames.com/datarouter/api/v1/public/data?SessionID=%7B1B5BCE86-472C-8020-3E47-708C084C9F3E%7D&AppID=UEEditor.Rocket.Release&AppVersion=4.24.1-10757647%2B%2B%2BUE4%2BRelease-4.24&UserID=682fe2804a31176b901287bcbd4da10a%7Cc5e3dc06d228492e82eb2db33db52f75%7Ca0a8f98a-7d92-4eaf-a3c5-fb80d2e5e4e4&AppEnvironment=datacollector-binary&UploadType=eteventstream] refs=[1] status=Processing
[2019.12.26-03.26.18:285][131]LogModuleManager: Shutting down and abandoning module SSL (62)
[2019.12.26-03.26.18:286][131]LogModuleManager: Shutting down and abandoning module WmfMedia (58)
[2019.12.26-03.26.18:287][131]LogModuleManager: Shutting down and abandoning module Media (57)
[2019.12.26-03.26.18:288][131]LogModuleManager: Shutting down and abandoning module MagicLeap (54)
[2019.12.26-03.26.18:288][131]LogModuleManager: Shutting down and abandoning module VariantManagerContent (52)
[2019.12.26-03.26.18:288][131]LogModuleManager: Shutting down and abandoning module DatasmithContent (50)
[2019.12.26-03.26.18:288][131]LogModuleManager: Shutting down and abandoning module AISupportModule (48)
[2019.12.26-03.26.18:288][131]LogModuleManager: Shutting down and abandoning module DesktopPlatform (46)
[2019.12.26-03.26.18:288][131]LogModuleManager: Shutting down and abandoning module PlatformCryptoOpenSSL (44)
[2019.12.26-03.26.18:288][131]LogModuleManager: Shutting down and abandoning module PlatformCryptoTypes (42)
[2019.12.26-03.26.18:288][131]LogModuleManager: Shutting down and abandoning module PlatformCrypto (40)
[2019.12.26-03.26.18:288][131]LogModuleManager: Shutting down and abandoning module AnimationModifiers (38)
[2019.12.26-03.26.18:288][131]LogModuleManager: Shutting down and abandoning module PropertyEditor (37)
[2019.12.26-03.26.18:288][131]LogModuleManager: Shutting down and abandoning module AudioEditor (34)
[2019.12.26-03.26.18:288][131]LogModuleManager: Shutting down and abandoning module TextureCompressor (32)
[2019.12.26-03.26.18:288][131]LogModuleManager: Shutting down and abandoning module RenderCore (30)
[2019.12.26-03.26.18:288][131]LogModuleManager: Shutting down and abandoning module Landscape (28)
[2019.12.26-03.26.18:288][131]LogModuleManager: Shutting down and abandoning module SlateRHIRenderer (26)
[2019.12.26-03.26.18:289][131]LogModuleManager: Shutting down and abandoning module OpenGLDrv (24)
[2019.12.26-03.26.18:289][131]LogModuleManager: Shutting down and abandoning module D3D11RHI (22)
[2019.12.26-03.26.18:289][131]LogModuleManager: Shutting down and abandoning module AnimGraphRuntime (20)
[2019.12.26-03.26.18:289][131]LogModuleManager: Shutting down and abandoning module Renderer (18)
[2019.12.26-03.26.18:289][131]LogModuleManager: Shutting down and abandoning module Engine (16)
[2019.12.26-03.26.18:289][131]LogModuleManager: Shutting down and abandoning module CoreUObject (14)
[2019.12.26-03.26.18:289][131]LogModuleManager: Shutting down and abandoning module NetworkFile (12)
[2019.12.26-03.26.18:289][131]LogModuleManager: Shutting down and abandoning module CookedIterativeFile (10)
[2019.12.26-03.26.18:289][131]LogModuleManager: Shutting down and abandoning module StreamingFile (8)
[2019.12.26-03.26.18:289][131]LogModuleManager: Shutting down and abandoning module SandboxFile (6)
[2019.12.26-03.26.18:289][131]LogModuleManager: Shutting down and abandoning module PakFile (4)
[2019.12.26-03.26.18:289][131]LogModuleManager: Shutting down and abandoning module RSA (3)
[2019.12.26-03.26.18:338][131]LogD3D12RHI: ~FD3D12DynamicRHI
[2019.12.26-03.26.18:349][131]LogExit: Exiting.
[2019.12.26-03.26.18:368][131]Log file closed, 12/26/19 12:26:18
